


ARM Macro Assembler    Page 1 


    1 00000000                 AREA             RESET , DATA ,READONLY
    2 00000000 20001000        DCD              0x20001000  ; do dai du lieu la
                                                             bao nhieu
    3 00000004 00000000        DCD              start       ; 
    4 00000008                 ALIGN
    5 00000008         ; khai bao vung nho 
    6 00000008         
    7 00000008 00000003 
              00000003 
              00000001 
              00000004 
              00000005 chuoi   DCD              3,3,1,4,5
    8 0000001C         
    9 0000001C         ;khai bao vung ma lenh 
   10 0000001C                 AREA             KQ, DATA ,READWRITE
   11 00000000         
   12 00000000                 AREA             mycode, CODE ,READONLY
   13 00000000                 EXPORT           start
   14 00000000                 ENTRY
   15 00000000         start
   16 00000000         ;===================================
   17 00000000 00000005 
                       SoHang  EQU              5
   18 00000000 F04F 0000       MOV              R0,#0       ;tong
   19 00000004 490B            LDR              R1,=chuoi
   20 00000006 F04F 0200       MOV              R2,#0
   21 0000000A 588B            LDR              R3,[R1,R2]
   22 0000000C F04F 0405       LDR              R4,=SoHang
   23 00000010         
   24 00000010         loop
   25 00000010 2C00            CMP              R4,#0       ;KIEM TRA R4 = 0 ha
                                                            y k
   26 00000012 D006            BEQ              ketthuc     ;bang thi xuong phe
                                                            p chia
   27 00000014 588B            LDR              R3,[R1,R2]  ;R3 = (Dia chi R1 +
                                                             R2) = 3
   28 00000016 4418            ADD              R0,R3       ;R0 =R0+R3
   29 00000018 F102 0204       ADD              R2,#4       ;TANG R2 = R2 + 4 =
                                                            > cho den gia tri t
                                                            iep theo cua chuoi
   30 0000001C F1A4 0401       SUB              R4,#1       ;xoa so thu thu nha
                                                            t di
   31 00000020 E7F6            B                loop
   32 00000022         
   33 00000022         ketthuc
   34 00000022 F04F 0705       LDR              R7, =SoHang ;
   35 00000026 FBB0 F6F7       UDIV             R6, R0, R7  ; R6 la tbc
   36 0000002A FB06 F407       MUL              R4, R6, R7  ; 
   37 0000002E EBA0 0704       SUB              R7, R0, R4  ; R7 la so du
   38 00000032 DF11            SWI              &11
   39 00000034         
   40 00000034                 END
              00000000 
Command Line: --debug --xref --cpu=Cortex-M3 --apcs=interwork --depend=.\lab2.d
 -o.\lab2.o -IE:\Keil\ARM\RV31\INC -IE:\Keil\ARM\CMSIS\Include -IE:\Keil\ARM\In
c\ST\STM32F10x --list=.\lab2.lst lab2.s



ARM Macro Assembler    Page 1 Alphabetic symbol ordering
Relocatable symbols

RESET 00000000

Symbol: RESET
   Definitions
      At line 1 in file lab2.s
   Uses
      None
Comment: RESET unused
chuoi 00000008

Symbol: chuoi
   Definitions
      At line 7 in file lab2.s
   Uses
      At line 19 in file lab2.s
Comment: chuoi used once
2 symbols



ARM Macro Assembler    Page 1 Alphabetic symbol ordering
Relocatable symbols

KQ 00000000

Symbol: KQ
   Definitions
      At line 10 in file lab2.s
   Uses
      None
Comment: KQ unused
1 symbol



ARM Macro Assembler    Page 1 Alphabetic symbol ordering
Relocatable symbols

ketthuc 00000022

Symbol: ketthuc
   Definitions
      At line 33 in file lab2.s
   Uses
      At line 26 in file lab2.s
Comment: ketthuc used once
loop 00000010

Symbol: loop
   Definitions
      At line 24 in file lab2.s
   Uses
      At line 31 in file lab2.s
Comment: loop used once
mycode 00000000

Symbol: mycode
   Definitions
      At line 12 in file lab2.s
   Uses
      None
Comment: mycode unused
start 00000000

Symbol: start
   Definitions
      At line 15 in file lab2.s
   Uses
      At line 3 in file lab2.s
      At line 13 in file lab2.s

4 symbols



ARM Macro Assembler    Page 1 Alphabetic symbol ordering
Absolute symbols

SoHang 00000005

Symbol: SoHang
   Definitions
      At line 17 in file lab2.s
   Uses
      At line 22 in file lab2.s
      At line 34 in file lab2.s

1 symbol
340 symbols in table
