


ARM Macro Assembler    Page 1 


    1 00000000                 AREA             RESET, DATA, READONLY
    2 00000000 20001000        DCD              0X20001000
    3 00000004 00000000        DCD              MAIN
    4 00000008 00000064 
                       N       DCD              100         ;
    5 0000000C                 AREA             mycode, CODE, READONLY
    6 00000000                 ENTRY
    7 00000000         MAIN
    8 00000000 F04F 0000       MOV              R0, #0      ; SO PHAN TU LA SO 
                                                            NGUYEN TO
    9 00000004 F85F 1004       LDR              R1, N       ; R1 = 100
   10 00000008 F7FF FFFE       BL               CT
   11 0000000C E033            B                STOP        ;THOAT
   12 0000000E         CT      PROC
   13 0000000E F04F 0201       MOV              R2, #1      ; gan r2 = 1 cho ch
                                                            ay den 100 de kiem 
                                                            tra xem co bao nhie
                                                            u sntI
   14 00000012         LOOP
   15 00000012 428A            CMP              R2, R1      ;kim tra R2,R1 NEU 
                                                            > THI DUNG LAI
   16 00000014 DC2F            BGT              STOP
   17 00000016 2A01            CMP              R2, #1      ;KIEM TRA R2 = 1 TH
                                                            I TANG LEN 1 VI NÓ 
                                                            K PHAI LA SNT
   18 00000018 D02A            BEQ              NEXT        ;CHAY DEN NOI DE R2
                                                             TANG LEN 1
   19 0000001A 2A03            CMP              R2, #3      ;KIEM TRA R2 VA 3 
   20 0000001C DD25            BLE              SNT         ;NEU R2 <= 3 THI SN
                                                            T + 1 = R0 + 1
   21 0000001E 4613            MOV              R3, R2      ; CÒN >  THI SAO CH
                                                            EP R3 = R2 DE TINH
   22 00000020 F04F 0402       MOV              R4, #2      ; R4 =2 DE SU DUNG 
                                                            CHO PHEP CHIA 2
   23 00000024         KIEMTRA2
   24 00000024 FBB3 F5F4       UDIV             R5, R3, R4  ; R5=R3/R4
   25 00000028 FB05 F604       MUL              R6, R5, R4  ; 
   26 0000002C 4296            CMP              R6, R2      ; SO SANH R6 VOI R2
                                                             KIEM TRA NEU = NHA
                                                            U THI LA CHIA DC 
   27 0000002E D01F            BEQ              NEXT        ; NEU = THI KP LA S
                                                            NT
   28 00000030 F04F 0403       MOV              R4, #3      ; KO = THI GAN R4 =
                                                             3 DE KT VOI 3 
   29 00000034         KIEMTRA3
   30 00000034 FBB3 F5F4       UDIV             R5, R3, R4  ; R5=R3/R4
   31 00000038 FB05 F604       MUL              R6, R5, R4  ; 
   32 0000003C 4296            CMP              R6, R2      ; SO SANH R6 VOI R2
                                                             KIEM TRA NEU = NHA
                                                            U THI LA CHIA DC
   33 0000003E D017            BEQ              NEXT        ; NEU = THI KP LA S
                                                            NT
   34 00000040 2A05            CMP              R2, #5      ;KIEM TRA VOI 5 VI 
                                                            5 CUNG LA SNT
   35 00000042 D012            BEQ              SNT         ; R2 = 5 THI LA SNT
                                                            
   36 00000044 F04F 0405       MOV              R4, #5      ; KO = THI GAN R4 =
                                                             5 DE KT VOI 5
   37 00000048         KIEMTRA5



ARM Macro Assembler    Page 2 


   38 00000048 FBB3 F5F4       UDIV             R5, R3, R4  ; R5=R3/R4
   39 0000004C FB05 F604       MUL              R6, R5, R4  ; 
   40 00000050 4296            CMP              R6, R2      ; SO SANH VOI SO BA
                                                            N DAU
   41 00000052 D00D            BEQ              NEXT
   42 00000054 2A07            CMP              R2, #7      ;KIEM TRA VOI 7 VI 
                                                            7 CUNG LA SNT
   43 00000056 D008            BEQ              SNT         ;R2 = 7 THI LA SNT
   44 00000058 F04F 0407       MOV              R4, #7      ; KO = THI GAN R4 =
                                                             7 DE KT VOI 7 
   45 0000005C         KIEMTRA7
   46 0000005C FBB3 F5F4       UDIV             R5, R3, R4  ; R5=R3/R4
   47 00000060 FB05 F604       MUL              R6, R5, R4  ; 
   48 00000064 4296            CMP              R6, R2      ; SO SANH VOI SO BA
                                                            N DAU
   49 00000066 D003            BEQ              NEXT
   50 00000068 E7FF            B                SNT
   51 0000006A         SNT
   52 0000006A F100 0001       ADD              R0, #1
   53 0000006E E7FF            B                NEXT
   54 00000070         NEXT
   55 00000070 F102 0201       ADD              R2, #1      ; TANG I
   56 00000074 E7CD            B                LOOP
   57 00000076                 ENDP
   58 00000076         STOP
   59 00000076 DF11            SWI              &11
   60 00000078                 END
Command Line: --debug --xref --cpu=Cortex-M3 --apcs=interwork --depend=.\lab53.
d -o.\lab53.o -IE:\Keil\ARM\RV31\INC -IE:\Keil\ARM\CMSIS\Include -IE:\Keil\ARM\
Inc\ST\STM32F10x --list=.\lab53.lst lab53.s



ARM Macro Assembler    Page 1 Alphabetic symbol ordering
Relocatable symbols

N 00000008

Symbol: N
   Definitions
      At line 4 in file lab53.s
   Uses
      At line 9 in file lab53.s
Comment: N used once
RESET 00000000

Symbol: RESET
   Definitions
      At line 1 in file lab53.s
   Uses
      None
Comment: RESET unused
2 symbols



ARM Macro Assembler    Page 1 Alphabetic symbol ordering
Relocatable symbols

CT 0000000E

Symbol: CT
   Definitions
      At line 12 in file lab53.s
   Uses
      At line 10 in file lab53.s
Comment: CT used once
KIEMTRA2 00000024

Symbol: KIEMTRA2
   Definitions
      At line 23 in file lab53.s
   Uses
      None
Comment: KIEMTRA2 unused
KIEMTRA3 00000034

Symbol: KIEMTRA3
   Definitions
      At line 29 in file lab53.s
   Uses
      None
Comment: KIEMTRA3 unused
KIEMTRA5 00000048

Symbol: KIEMTRA5
   Definitions
      At line 37 in file lab53.s
   Uses
      None
Comment: KIEMTRA5 unused
KIEMTRA7 0000005C

Symbol: KIEMTRA7
   Definitions
      At line 45 in file lab53.s
   Uses
      None
Comment: KIEMTRA7 unused
LOOP 00000012

Symbol: LOOP
   Definitions
      At line 14 in file lab53.s
   Uses
      At line 56 in file lab53.s
Comment: LOOP used once
MAIN 00000000

Symbol: MAIN
   Definitions
      At line 7 in file lab53.s
   Uses
      At line 3 in file lab53.s
Comment: MAIN used once
NEXT 00000070

Symbol: NEXT



ARM Macro Assembler    Page 2 Alphabetic symbol ordering
Relocatable symbols

   Definitions
      At line 54 in file lab53.s
   Uses
      At line 18 in file lab53.s
      At line 27 in file lab53.s
      At line 33 in file lab53.s
      At line 41 in file lab53.s
      At line 49 in file lab53.s
      At line 53 in file lab53.s

SNT 0000006A

Symbol: SNT
   Definitions
      At line 51 in file lab53.s
   Uses
      At line 20 in file lab53.s
      At line 35 in file lab53.s
      At line 43 in file lab53.s
      At line 50 in file lab53.s

STOP 00000076

Symbol: STOP
   Definitions
      At line 58 in file lab53.s
   Uses
      At line 11 in file lab53.s
      At line 16 in file lab53.s

mycode 00000000

Symbol: mycode
   Definitions
      At line 5 in file lab53.s
   Uses
      None
Comment: mycode unused
11 symbols
343 symbols in table
