


ARM Macro Assembler    Page 1 


    1 00000000                 AREA             RESET, DATA, READONLY
    2 00000000 20001000        DCD              0x20001000
    3 00000004 00000000        DCD              Reset_Handler
    4 00000008 00000001 
              00000001 
              00000001 
              00000001 matran  DCD              1,1,1,1
    5 00000018 00000001 
              00000002 
              00000001 
              00000001         DCD              1,2,1,1
    6 00000028 00000001 
              00000003 
              00000004 
              00000001         DCD              1,3,4,1
    7 00000038 00000001 
              00000001 
              00000001 
              00000005         DCD              1,1,1,5
    8 00000048         
    9 00000048                 AREA             RESET, DATA, READWRITE
   10 00000048 00000000 
                       MAXCC   DCD              0
   11 0000004C 00000000 
                       MINCC   DCD              0
   12 00000050         
   13 00000050                 AREA             MYCODE, CODE, READONLY
   14 00000000                 ENTRY
   15 00000000                 EXPORT           Reset_Handler
   16 00000000         
   17 00000000         Reset_Handler
   18 00000000         ;============================
   19 00000000 00000004 
                       hang    EQU              4
   20 00000000 4A1B            LDR              R2,=matran
   21 00000002 F04F 0304       LDR              R3,=hang
   22 00000006 F852 4B14       LDR              R4,[R2],#20
   23 0000000A 4620            MOV              R0,R4       ;MAX
   24 0000000C 4621            MOV              R1,R4       ;MIN
   25 0000000E F1A3 0301       SUB              R3,#1       ;lay duoc roi thi p
                                                            hai tru di, giam so
                                                             hang neu lay ra du
                                                            oc phan tu cua duon
                                                            g cheo chinh
   26 00000012         loop
   27 00000012 2B00            CMP              R3,#0
   28 00000014 D00D            BEQ              denduongcheophu
   29 00000016 F852 4B14       LDR              R4,[R2],#20 ;12
   30 0000001A 4284            CMP              R4,R0
   31 0000001C DC04            BGT              PMAX
   32 0000001E 428C            CMP              R4,R1
   33 00000020 DB00            BLT              PMIN
   34 00000022 E003            B                tiep
   35 00000024         PMIN
   36 00000024 4621            MOV              R1,R4       ;gan gia tri R0 cho
                                                             R4
   37 00000026 E001            B                tiep
   38 00000028         
   39 00000028         PMAX



ARM Macro Assembler    Page 2 


   40 00000028 4620            MOV              R0,R4       ;gan gia tri R0 cho
                                                             R4
   41 0000002A E7FF            B                tiep
   42 0000002C         tiep
   43 0000002C F1A3 0301       SUB              R3,#1
   44 00000030 E7EF            B                loop
   45 00000032         denduongcheophu
   46 00000032         
   47 00000032 4606            MOV              R6, R0      ;
   48 00000034 460F            MOV              R7, R1      ;
   49 00000036 4A0E            LDR              R2,=matran
   50 00000038 F04F 0304       LDR              R3,=hang
   51 0000003C F852 4B0C       LDR              R4,[R2],#12
   52 00000040 4620            MOV              R0,R4       ;MAX
   53 00000042 4621            MOV              R1,R4       ;MIN
   54 00000044 F1A3 0301       SUB              R3,#1
   55 00000048         loop1
   56 00000048 2B00            CMP              R3,#0
   57 0000004A D00D            BEQ              thoat
   58 0000004C F852 4B0C       LDR              R4,[R2],#12 ;12
   59 00000050 4284            CMP              R4,R0
   60 00000052 DC04            BGT              PMAX1
   61 00000054 428C            CMP              R4,R1
   62 00000056 DB00            BLT              PMIN1
   63 00000058 E003            B                tiep1
   64 0000005A         PMIN1
   65 0000005A 4621            MOV              R1,R4       ;gan gia tri R0 cho
                                                             R4
   66 0000005C E001            B                tiep1
   67 0000005E         
   68 0000005E         PMAX1
   69 0000005E 4620            MOV              R0,R4       ;gan gia tri R0 cho
                                                             R4
   70 00000060 E7FF            B                tiep1
   71 00000062         tiep1
   72 00000062 F1A3 0301       SUB              R3,#1
   73 00000066 E7EF            B                loop1
   74 00000068         thoat
   75 00000068 4680            MOV              R8, R0      ;
   76 0000006A 4689            MOV              R9, R1      ;
   77 0000006C DF11            SWI              &11
   78 0000006E         
   79 0000006E                 END
              00 00 00000000 
Command Line: --debug --xref --cpu=Cortex-M3 --apcs=interwork --depend=.\lab2.d
 -o.\lab2.o -IE:\Keil\ARM\RV31\INC -IE:\Keil\ARM\CMSIS\Include -IE:\Keil\ARM\In
c\ST\STM32F10x --list=.\lab2.lst lab2.s



ARM Macro Assembler    Page 1 Alphabetic symbol ordering
Relocatable symbols

MAXCC 00000048

Symbol: MAXCC
   Definitions
      At line 10 in file lab2.s
   Uses
      None
Comment: MAXCC unused
MINCC 0000004C

Symbol: MINCC
   Definitions
      At line 11 in file lab2.s
   Uses
      None
Comment: MINCC unused
RESET 00000000

Symbol: RESET
   Definitions
      At line 1 in file lab2.s
   Uses
      None
Comment: RESET unused
matran 00000008

Symbol: matran
   Definitions
      At line 4 in file lab2.s
   Uses
      At line 20 in file lab2.s
      At line 49 in file lab2.s

4 symbols



ARM Macro Assembler    Page 1 Alphabetic symbol ordering
Relocatable symbols

MYCODE 00000000

Symbol: MYCODE
   Definitions
      At line 13 in file lab2.s
   Uses
      None
Comment: MYCODE unused
PMAX 00000028

Symbol: PMAX
   Definitions
      At line 39 in file lab2.s
   Uses
      At line 31 in file lab2.s
Comment: PMAX used once
PMAX1 0000005E

Symbol: PMAX1
   Definitions
      At line 68 in file lab2.s
   Uses
      At line 60 in file lab2.s
Comment: PMAX1 used once
PMIN 00000024

Symbol: PMIN
   Definitions
      At line 35 in file lab2.s
   Uses
      At line 33 in file lab2.s
Comment: PMIN used once
PMIN1 0000005A

Symbol: PMIN1
   Definitions
      At line 64 in file lab2.s
   Uses
      At line 62 in file lab2.s
Comment: PMIN1 used once
Reset_Handler 00000000

Symbol: Reset_Handler
   Definitions
      At line 17 in file lab2.s
   Uses
      At line 3 in file lab2.s
      At line 15 in file lab2.s

denduongcheophu 00000032

Symbol: denduongcheophu
   Definitions
      At line 45 in file lab2.s
   Uses
      At line 28 in file lab2.s
Comment: denduongcheophu used once
loop 00000012




ARM Macro Assembler    Page 2 Alphabetic symbol ordering
Relocatable symbols

Symbol: loop
   Definitions
      At line 26 in file lab2.s
   Uses
      At line 44 in file lab2.s
Comment: loop used once
loop1 00000048

Symbol: loop1
   Definitions
      At line 55 in file lab2.s
   Uses
      At line 73 in file lab2.s
Comment: loop1 used once
thoat 00000068

Symbol: thoat
   Definitions
      At line 74 in file lab2.s
   Uses
      At line 57 in file lab2.s
Comment: thoat used once
tiep 0000002C

Symbol: tiep
   Definitions
      At line 42 in file lab2.s
   Uses
      At line 34 in file lab2.s
      At line 37 in file lab2.s
      At line 41 in file lab2.s

tiep1 00000062

Symbol: tiep1
   Definitions
      At line 71 in file lab2.s
   Uses
      At line 63 in file lab2.s
      At line 66 in file lab2.s
      At line 70 in file lab2.s

12 symbols



ARM Macro Assembler    Page 1 Alphabetic symbol ordering
Absolute symbols

hang 00000004

Symbol: hang
   Definitions
      At line 19 in file lab2.s
   Uses
      At line 21 in file lab2.s
      At line 50 in file lab2.s

1 symbol
349 symbols in table
