


ARM Macro Assembler    Page 1 


    1 00000000         ;7. Vi?t chuong trình tìm u?c chung l?n nh?t c?a 2 s?.
    2 00000000         
    3 00000000                 AREA             RESET, DATA,READONLY
    4 00000000 20001000        DCD              0X20001000
    5 00000004 00000000        DCD              start
    6 00000008 00000014 
                       X       DCD              20
    7 0000000C 0000000C 
                       Y       DCD              12
    8 00000010                 AREA             MYCODE, CODE,READONLY
    9 00000000                 ENTRY
   10 00000000         
   11 00000000         start
   12 00000000         ;==============
   13 00000000 F04F 0000       MOV              R0,#0
   14 00000004 F85F 1004       LDR              R1,X
   15 00000008 F85F 2004       LDR              R2,Y
   16 0000000C 2900            CMP              R1,#0
   17 0000000E DD16            BLE              thoat
   18 00000010 2A00            CMP              R2,#0
   19 00000012 DD14            BLE              thoat
   20 00000014 B407            PUSH{R0,R1,R2}
   21 00000016 F7FF FFFE       BL               CT1
   22 0000001A         
   23 0000001A         CT1     PROC
   24 0000001A 2900            CMP              R1,#0
   25 0000001C DD0F            BLE              thoat
   26 0000001E 2A00            CMP              R2,#0
   27 00000020 DD0D            BLE              thoat
   28 00000022 BC07            POP{R0,R1,R2}
   29 00000024         looptru
   30 00000024 4291            CMP              R1,R2       ;kiem tra
   31 00000026 DB04            BLT              hoandoi
   32 00000028         
   33 00000028         tieptuc
   34 00000028 EBA1 0102       SUB              R1,R2
   35 0000002C 2900            CMP              R1,#0
   36 0000002E D004            BEQ              ketqua
   37 00000030 E7F8            B                looptru
   38 00000032         
   39 00000032         hoandoi
   40 00000032 4614            MOV              R4,R2
   41 00000034 460A            MOV              R2,R1
   42 00000036 4621            MOV              R1,R4
   43 00000038 E7F6            B                tieptuc
   44 0000003A         ketqua
   45 0000003A 4613            MOV              R3,R2
   46 0000003C DF11            SWI              &11
   47 0000003E         
   48 0000003E         thoat
   49 0000003E F04F 0300       MOV              R3,#0
   50 00000042 DF11            SWI              &11
   51 00000044                 ENDP
   52 00000044         
   53 00000044                 END
Command Line: --debug --xref --cpu=Cortex-M3 --apcs=interwork --depend=.\lab4.d
 -o.\lab4.o -IE:\Keil\ARM\RV31\INC -IE:\Keil\ARM\CMSIS\Include -IE:\Keil\ARM\In
c\ST\STM32F10x --list=.\lab4.lst lab4.s



ARM Macro Assembler    Page 1 Alphabetic symbol ordering
Relocatable symbols

RESET 00000000

Symbol: RESET
   Definitions
      At line 3 in file lab4.s
   Uses
      None
Comment: RESET unused
X 00000008

Symbol: X
   Definitions
      At line 6 in file lab4.s
   Uses
      At line 14 in file lab4.s
Comment: X used once
Y 0000000C

Symbol: Y
   Definitions
      At line 7 in file lab4.s
   Uses
      At line 15 in file lab4.s
Comment: Y used once
3 symbols



ARM Macro Assembler    Page 1 Alphabetic symbol ordering
Relocatable symbols

CT1 0000001A

Symbol: CT1
   Definitions
      At line 23 in file lab4.s
   Uses
      At line 21 in file lab4.s
Comment: CT1 used once
MYCODE 00000000

Symbol: MYCODE
   Definitions
      At line 8 in file lab4.s
   Uses
      None
Comment: MYCODE unused
hoandoi 00000032

Symbol: hoandoi
   Definitions
      At line 39 in file lab4.s
   Uses
      At line 31 in file lab4.s
Comment: hoandoi used once
ketqua 0000003A

Symbol: ketqua
   Definitions
      At line 44 in file lab4.s
   Uses
      At line 36 in file lab4.s
Comment: ketqua used once
looptru 00000024

Symbol: looptru
   Definitions
      At line 29 in file lab4.s
   Uses
      At line 37 in file lab4.s
Comment: looptru used once
start 00000000

Symbol: start
   Definitions
      At line 11 in file lab4.s
   Uses
      At line 5 in file lab4.s
Comment: start used once
thoat 0000003E

Symbol: thoat
   Definitions
      At line 48 in file lab4.s
   Uses
      At line 17 in file lab4.s
      At line 19 in file lab4.s
      At line 25 in file lab4.s
      At line 27 in file lab4.s




ARM Macro Assembler    Page 2 Alphabetic symbol ordering
Relocatable symbols

tieptuc 00000028

Symbol: tieptuc
   Definitions
      At line 33 in file lab4.s
   Uses
      At line 43 in file lab4.s
Comment: tieptuc used once
8 symbols
341 symbols in table
