


ARM Macro Assembler    Page 1 


    1 00000000                 AREA             RESET , DATA ,READONLY
    2 00000000 20001000        DCD              0x20001000  ; do dai du lieu la
                                                             bao nhieu
    3 00000004 00000000        DCD              start       ; 
    4 00000008                 ALIGN
    5 00000008         ; khai bao vung nho 
    6 00000008         
    7 00000008 00000003 
              00000002 
              00000001 
              00000004 
              00000005 chuoi   DCD              3,2,1,4,5
    8 0000001C         
    9 0000001C         ;khai bao vung ma lenh 
   10 0000001C                 AREA             KQ, DATA ,READWRITE
   11 00000000 00000000 
                       max     DCD              0
   12 00000004 00000000 
                       min     DCD              0
   13 00000008                 AREA             mycode, CODE ,READONLY
   14 00000000                 EXPORT           start
   15 00000000                 ENTRY
   16 00000000         start
   17 00000000         ;=========================================
   18 00000000 00000005 
                       pt      EQU              5
   19 00000000 4A0A            LDR              R2,=chuoi   ;LAY DIA CHI DAU TI
                                                            EN CUA CHUOI
   20 00000002 F04F 0305       LDR              R3,=pt      ;R3 = 5
   21 00000006         ;MOV R4,#0 ; BIEN NHAY
   22 00000006 6815            LDR              R5,[R2,#0]  ;0x00000000 + 0 => 
                                                            R5 = 3, gia tri cua
                                                             dia chi R2 + gia t
                                                            ri cua R4 roi luu v
                                                            ao R5
   23 00000008 4628            MOV              R0,R5       ;max
   24 0000000A 4629            MOV              R1,R5       ;min
   25 0000000C         loop
   26 0000000C 2B00            CMP              R3,#0
   27 0000000E D00C            BEQ              thoat
   28 00000010 6855            LDR              R5,[R2,#4]  ;dung de tinh cac g
                                                            ia tri lien tiep tr
                                                            ong chuooi
   29 00000012 4285            CMP              R5,R0       ;kiem tra xem R5 Co
                                                             lon hon R0 HAY K 
   30 00000014 DC02            BGT              PMAX
   31 00000016 428D            CMP              R5,R1
   32 00000018 DB02            BLT              PMIN        ;kiem tra xem R5 Co
                                                             NHO hon R1 HAY K 
   33 0000001A E003            B                tieptuc
   34 0000001C         
   35 0000001C         PMAX
   36 0000001C 4628            MOV              R0,R5       ; gan R5 cho R0
   37 0000001E E001            B                tieptuc
   38 00000020         PMIN
   39 00000020 4629            MOV              R1,R5       ; gan R5 cho R1
   40 00000022 E7FF            B                tieptuc
   41 00000024         
   42 00000024         tieptuc



ARM Macro Assembler    Page 2 


   43 00000024         ;ADD R4,#4 ;Tang len 4 lan de nhay sang phan tu tiep the
                       o
   44 00000024 F1A3 0301       SUB              R3,#1       ; khi nhay se sang 
                                                            phan tu tiep theo c
                                                            huoi so se giam di 
                                                            1
   45 00000028 E7F0            B                loop
   46 0000002A         thoat
   47 0000002A DF11            SWI              &11
   48 0000002C         
   49 0000002C         
   50 0000002C                 END
              00000000 
Command Line: --debug --xref --cpu=Cortex-M3 --apcs=interwork --depend=.\lab2.d
 -o.\lab2.o -IE:\Keil\ARM\RV31\INC -IE:\Keil\ARM\CMSIS\Include -IE:\Keil\ARM\In
c\ST\STM32F10x --list=.\lab2.lst lab2.s



ARM Macro Assembler    Page 1 Alphabetic symbol ordering
Relocatable symbols

RESET 00000000

Symbol: RESET
   Definitions
      At line 1 in file lab2.s
   Uses
      None
Comment: RESET unused
chuoi 00000008

Symbol: chuoi
   Definitions
      At line 7 in file lab2.s
   Uses
      At line 19 in file lab2.s
Comment: chuoi used once
2 symbols



ARM Macro Assembler    Page 1 Alphabetic symbol ordering
Relocatable symbols

KQ 00000000

Symbol: KQ
   Definitions
      At line 10 in file lab2.s
   Uses
      None
Comment: KQ unused
max 00000000

Symbol: max
   Definitions
      At line 11 in file lab2.s
   Uses
      None
Comment: max unused
min 00000004

Symbol: min
   Definitions
      At line 12 in file lab2.s
   Uses
      None
Comment: min unused
3 symbols



ARM Macro Assembler    Page 1 Alphabetic symbol ordering
Relocatable symbols

PMAX 0000001C

Symbol: PMAX
   Definitions
      At line 35 in file lab2.s
   Uses
      At line 30 in file lab2.s
Comment: PMAX used once
PMIN 00000020

Symbol: PMIN
   Definitions
      At line 38 in file lab2.s
   Uses
      At line 32 in file lab2.s
Comment: PMIN used once
loop 0000000C

Symbol: loop
   Definitions
      At line 25 in file lab2.s
   Uses
      At line 45 in file lab2.s
Comment: loop used once
mycode 00000000

Symbol: mycode
   Definitions
      At line 13 in file lab2.s
   Uses
      None
Comment: mycode unused
start 00000000

Symbol: start
   Definitions
      At line 16 in file lab2.s
   Uses
      At line 3 in file lab2.s
      At line 14 in file lab2.s

thoat 0000002A

Symbol: thoat
   Definitions
      At line 46 in file lab2.s
   Uses
      At line 27 in file lab2.s
Comment: thoat used once
tieptuc 00000024

Symbol: tieptuc
   Definitions
      At line 42 in file lab2.s
   Uses
      At line 33 in file lab2.s
      At line 37 in file lab2.s
      At line 40 in file lab2.s




ARM Macro Assembler    Page 2 Alphabetic symbol ordering
Relocatable symbols

7 symbols



ARM Macro Assembler    Page 1 Alphabetic symbol ordering
Absolute symbols

pt 00000005

Symbol: pt
   Definitions
      At line 18 in file lab2.s
   Uses
      At line 20 in file lab2.s
Comment: pt used once
1 symbol
345 symbols in table
