


ARM Macro Assembler    Page 1 


    1 00000000                 AREA             RESET, DATA,READONLY
    2 00000000 20001000        DCD              0x20001000
    3 00000004 00000000        DCD              start
    4 00000008                 ALIGN
    5 00000008 00000005 
                       N       DCD              5
    6 0000000C                 AREA             mycode, CODE,READONLY
    7 00000000                 EXPORT           start
    8 00000000                 ENTRY
    9 00000000         
   10 00000000         start
   11 00000000         ;===============
   12 00000000 F04F 0100       MOV              R1,#0       ;gan gia tri R1 =0
   13 00000004 F85F 2004       LDR              R2,N        ; R2 = N = 5
   14 00000008 B406            PUSH{R1,R2}
   15 0000000A F7FF FFFE       BL               Cong
   16 0000000E         stop
   17 0000000E E7FE            B                stop
   18 00000010         Cong    PROC
   19 00000010 BC06            POP{R1,R2}
   20 00000012         Tinhtong
   21 00000012 4411            ADD              R1,R2       ;R1 = R1 + R2 = 5
   22 00000014 3A01            SUBS             R2, #1      ; R2 = R2 -1 = 4
   23 00000016 2A00            CMP              R2, #0      ;so sanh
   24 00000018 DCFB            BGT              Tinhtong
   25 0000001A 4770            BX               LR
   26 0000001C                 ENDP
   27 0000001C         ;===============
   28 0000001C                 END
Command Line: --debug --xref --cpu=Cortex-M3 --apcs=interwork --depend=.\lab3.d
 -o.\lab3.o -IE:\Keil\ARM\RV31\INC -IE:\Keil\ARM\CMSIS\Include -IE:\Keil\ARM\In
c\ST\STM32F10x --list=.\lab3.lst lab3.s



ARM Macro Assembler    Page 1 Alphabetic symbol ordering
Relocatable symbols

N 00000008

Symbol: N
   Definitions
      At line 5 in file lab3.s
   Uses
      At line 13 in file lab3.s
Comment: N used once
RESET 00000000

Symbol: RESET
   Definitions
      At line 1 in file lab3.s
   Uses
      None
Comment: RESET unused
2 symbols



ARM Macro Assembler    Page 1 Alphabetic symbol ordering
Relocatable symbols

Cong 00000010

Symbol: Cong
   Definitions
      At line 18 in file lab3.s
   Uses
      At line 15 in file lab3.s
Comment: Cong used once
Tinhtong 00000012

Symbol: Tinhtong
   Definitions
      At line 20 in file lab3.s
   Uses
      At line 24 in file lab3.s
Comment: Tinhtong used once
mycode 00000000

Symbol: mycode
   Definitions
      At line 6 in file lab3.s
   Uses
      None
Comment: mycode unused
start 00000000

Symbol: start
   Definitions
      At line 10 in file lab3.s
   Uses
      At line 3 in file lab3.s
      At line 7 in file lab3.s

stop 0000000E

Symbol: stop
   Definitions
      At line 16 in file lab3.s
   Uses
      At line 17 in file lab3.s
Comment: stop used once
5 symbols
337 symbols in table
