


ARM Macro Assembler    Page 1 


    1 00000000                 AREA             RESET , DATA ,READONLY
    2 00000000 20001000        DCD              0x20001000
    3 00000004 00000000        DCD              start
    4 00000008 00000001 
              FFFFFFFF 
              FFFFFFFF MaTran  DCD              1,-1,-1
    5 00000014 00000002 
              FFFFFFFE 
              00000002         DCD              2,-2,2
    6 00000020 FFFFFFFD 
              00000003 
              FFFFFFFD         DCD              -3,3,-3
    7 0000002C                 AREA             KQ,DATA ,READWRITE
    8 00000000 00000000 
                       SoAm    DCD              0
    9 00000004 00000000 
                       SoDuong DCD              0
   10 00000008                 AREA             mycode ,CODE ,READONLY
   11 00000000                 EXPORT           start
   12 00000000                 ENTRY
   13 00000000         start
   14 00000000         ;============================
   15 00000000 00000009 
                       pt      EQU              9
   16 00000000 F04F 0000       MOV              R0,#0       ;DUONG
   17 00000004 F04F 0100       MOV              R1,#0       ;AM
   18 00000008 F04F 0200       MOV              R2,#0       ;BienNhay
   19 0000000C 4B0D            LDR              R3,=MaTran  ;lay dia chi
   20 0000000E 589C            LDR              R4,[R3,R2]  ;lay gia tri
   21 00000010 F04F 0509       LDR              R5,=pt
   22 00000014         
   23 00000014         loop
   24 00000014 2D00            CMP              R5,#0       ; so sanH R5 vaf 0
   25 00000016 D00F            BEQ              thoat       ;Bang thi ket thuc
   26 00000018 589C            LDR              R4,[R3,R2]  ; lay gia tri tu di
                                                            a chi R3 + R2
   27 0000001A 2C00            CMP              R4,#0       ; SO SANH R4 VOI 0
   28 0000001C DC01            BGT              lasoduong   ; > THI NHAY SANG S
                                                            O DUONG
   29 0000001E DB03            BLT              lasoam      ; < THI NHAY SANG A
                                                            M
   30 00000020 E005            B                tiep        ; BANG 0 THI DEN B 
                                                            TIEP
   31 00000022         
   32 00000022         lasoduong
   33 00000022 F100 0001       ADD              R0,#1       ;CONG R0 LEN 1
   34 00000026 E002            B                tiep
   35 00000028         lasoam
   36 00000028 F101 0101       ADD              R1,#1       ; + R1 LEN 1
   37 0000002C E7FF            B                tiep
   38 0000002E         tiep
   39 0000002E F102 0204       ADD              R2,#4       ;R2 + 4 DE TRO DEN 
                                                            GIA TRI TIEP THEO C
                                                            UA MA TRAN
   40 00000032 F1A5 0501       SUB              R5,#1       ; phan tu xoa pt vu
                                                            a tinh
   41 00000036 E7ED            B                loop
   42 00000038         
   43 00000038         thoat



ARM Macro Assembler    Page 2 


   44 00000038 4E03            LDR              R6,=SoDuong
   45 0000003A 6030            STR              R0,[R6]
   46 0000003C 4F03            LDR              R7,=SoAm
   47 0000003E 6039            STR              R1,[R7]
   48 00000040 DF11            SWI              &11
   49 00000042         
   50 00000042         
   51 00000042         ;============================
   52 00000042                 END
              00 00 00000000 
              00000000 
              00000000 
Command Line: --debug --xref --cpu=Cortex-M3 --apcs=interwork --depend=.\lab2.d
 -o.\lab2.o -IE:\Keil\ARM\RV31\INC -IE:\Keil\ARM\CMSIS\Include -IE:\Keil\ARM\In
c\ST\STM32F10x --list=.\lab2.lst lab2.s



ARM Macro Assembler    Page 1 Alphabetic symbol ordering
Relocatable symbols

MaTran 00000008

Symbol: MaTran
   Definitions
      At line 4 in file lab2.s
   Uses
      At line 19 in file lab2.s
Comment: MaTran used once
RESET 00000000

Symbol: RESET
   Definitions
      At line 1 in file lab2.s
   Uses
      None
Comment: RESET unused
2 symbols



ARM Macro Assembler    Page 1 Alphabetic symbol ordering
Relocatable symbols

KQ 00000000

Symbol: KQ
   Definitions
      At line 7 in file lab2.s
   Uses
      None
Comment: KQ unused
SoAm 00000000

Symbol: SoAm
   Definitions
      At line 8 in file lab2.s
   Uses
      At line 46 in file lab2.s
Comment: SoAm used once
SoDuong 00000004

Symbol: SoDuong
   Definitions
      At line 9 in file lab2.s
   Uses
      At line 44 in file lab2.s
Comment: SoDuong used once
3 symbols



ARM Macro Assembler    Page 1 Alphabetic symbol ordering
Relocatable symbols

lasoam 00000028

Symbol: lasoam
   Definitions
      At line 35 in file lab2.s
   Uses
      At line 29 in file lab2.s
Comment: lasoam used once
lasoduong 00000022

Symbol: lasoduong
   Definitions
      At line 32 in file lab2.s
   Uses
      At line 28 in file lab2.s
Comment: lasoduong used once
loop 00000014

Symbol: loop
   Definitions
      At line 23 in file lab2.s
   Uses
      At line 41 in file lab2.s
Comment: loop used once
mycode 00000000

Symbol: mycode
   Definitions
      At line 10 in file lab2.s
   Uses
      None
Comment: mycode unused
start 00000000

Symbol: start
   Definitions
      At line 13 in file lab2.s
   Uses
      At line 3 in file lab2.s
      At line 11 in file lab2.s

thoat 00000038

Symbol: thoat
   Definitions
      At line 43 in file lab2.s
   Uses
      At line 25 in file lab2.s
Comment: thoat used once
tiep 0000002E

Symbol: tiep
   Definitions
      At line 38 in file lab2.s
   Uses
      At line 30 in file lab2.s
      At line 34 in file lab2.s
      At line 37 in file lab2.s




ARM Macro Assembler    Page 2 Alphabetic symbol ordering
Relocatable symbols

7 symbols



ARM Macro Assembler    Page 1 Alphabetic symbol ordering
Absolute symbols

pt 00000009

Symbol: pt
   Definitions
      At line 15 in file lab2.s
   Uses
      At line 21 in file lab2.s
Comment: pt used once
1 symbol
345 symbols in table
