


ARM Macro Assembler    Page 1 


    1 00000000         ; Khai bao doan du lieu
    2 00000000                 AREA             RESET, DATA, READONLY
    3 00000000 20001000        DCD              0x20001000  ; stack pointer val
                                                            ue when stack is em
                                                            pty
    4 00000004 00000000        DCD              Reset_Handler ; reset vector
    5 00000008         
    6 00000008         ; Khai bao doan ma lenh
    7 00000008                 AREA             MYCODE, CODE, READONLY
    8 00000000         
    9 00000000                 ENTRY                        ;Khai bao diem vao 
                                                            chuong trinh
   10 00000000                 EXPORT           Reset_Handler
   11 00000000         
   12 00000000         Reset_Handler
   13 00000000         ;-------------------------------------------------------
                       ------------------
   14 00000000         ; Bat dau doan code (Diem vao cua chuong trinh)---------
                       ------------------
   15 00000000         ; vi du 2 ^ 4 
   16 00000000 00000004 
                       N       EQU              4
   17 00000000 00000002 
                       X       EQU              2
   18 00000000 F04F 0002       LDR              R0, =X      ;
   19 00000004 F04F 0104       LDR              R1, =N      ;
   20 00000008 F04F 0201       MOV              R2, #1      ; luu ket qua
   21 0000000C         phepnhan
   22 0000000C 2900            CMP              R1, #0      ;
   23 0000000E D004            BEQ              ketthuc     ;
   24 00000010 FB02 F200       MUL              R2, R0      ;
   25 00000014 F1A1 0101       SUB              R1, #1      ;
   26 00000018 E7F8            B                phepnhan
   27 0000001A         ketthuc
   28 0000001A         
   29 0000001A         stop
   30 0000001A E7FE            B                stop        ;
   31 0000001C         ;-------------------------------------------------------
                       ------------------
   32 0000001C                 END                          ;Ket thuc chuong tr
                                                            inhf
Command Line: --debug --xref --cpu=Cortex-M3 --apcs=interwork --depend=.\lab1.d
 -o.\lab1.o -IE:\Keil\ARM\RV31\INC -IE:\Keil\ARM\CMSIS\Include -IE:\Keil\ARM\In
c\ST\STM32F10x --list=.\lab1.lst lab1.s



ARM Macro Assembler    Page 1 Alphabetic symbol ordering
Relocatable symbols

RESET 00000000

Symbol: RESET
   Definitions
      At line 2 in file lab1.s
   Uses
      None
Comment: RESET unused
1 symbol



ARM Macro Assembler    Page 1 Alphabetic symbol ordering
Relocatable symbols

MYCODE 00000000

Symbol: MYCODE
   Definitions
      At line 7 in file lab1.s
   Uses
      None
Comment: MYCODE unused
Reset_Handler 00000000

Symbol: Reset_Handler
   Definitions
      At line 12 in file lab1.s
   Uses
      At line 4 in file lab1.s
      At line 10 in file lab1.s

ketthuc 0000001A

Symbol: ketthuc
   Definitions
      At line 27 in file lab1.s
   Uses
      At line 23 in file lab1.s
Comment: ketthuc used once
phepnhan 0000000C

Symbol: phepnhan
   Definitions
      At line 21 in file lab1.s
   Uses
      At line 26 in file lab1.s
Comment: phepnhan used once
stop 0000001A

Symbol: stop
   Definitions
      At line 29 in file lab1.s
   Uses
      At line 30 in file lab1.s
Comment: stop used once
5 symbols



ARM Macro Assembler    Page 1 Alphabetic symbol ordering
Absolute symbols

N 00000004

Symbol: N
   Definitions
      At line 16 in file lab1.s
   Uses
      At line 19 in file lab1.s
Comment: N used once
X 00000002

Symbol: X
   Definitions
      At line 17 in file lab1.s
   Uses
      At line 18 in file lab1.s
Comment: X used once
2 symbols
338 symbols in table
