


ARM Macro Assembler    Page 1 


    1 00000000         
    2 00000000         
    3 00000000                 AREA             RESET, DATA,READONLY
    4 00000000 20001000        DCD              0X20001000
    5 00000004 00000000        DCD              start
    6 00000008 00000014 
                       X       DCD              20
    7 0000000C 0000000C 
                       Y       DCD              12
    8 00000010                 AREA             MYCODE, CODE,READONLY
    9 00000000                 ENTRY
   10 00000000         
   11 00000000         start
   12 00000000         ;==============
   13 00000000 F04F 0000       MOV              R0,#0
   14 00000004 F85F 1004       LDR              R1,X
   15 00000008 F85F 2004       LDR              R2,Y
   16 0000000C F7FF FFFE       BL               CT1
   17 00000010         
   18 00000010         CT1     PROC
   19 00000010 2900            CMP              R1,#0
   20 00000012 DD0E            BLE              thoat
   21 00000014 2A00            CMP              R2,#0
   22 00000016 DD0C            BLE              thoat
   23 00000018         looptru
   24 00000018 4291            CMP              R1,R2       ;kiem tra
   25 0000001A DB04            BLT              hoandoi
   26 0000001C         
   27 0000001C         tieptuc
   28 0000001C EBA1 0102       SUB              R1,R2
   29 00000020 2900            CMP              R1,#0
   30 00000022 D004            BEQ              ketqua
   31 00000024 E7F8            B                looptru
   32 00000026         
   33 00000026         hoandoi
   34 00000026 4614            MOV              R4,R2
   35 00000028 460A            MOV              R2,R1
   36 0000002A 4621            MOV              R1,R4
   37 0000002C E7F6            B                tieptuc
   38 0000002E         ketqua
   39 0000002E 4613            MOV              R3,R2
   40 00000030 DF11            SWI              &11
   41 00000032         thoat
   42 00000032 F04F 0300       MOV              R3,#0
   43 00000036 DF11            SWI              &11
   44 00000038 4770            BX               LR
   45 0000003A                 ENDP
   46 0000003A         
   47 0000003A                 END
Command Line: --debug --xref --cpu=Cortex-M3 --apcs=interwork --depend=.\lab3.d
 -o.\lab3.o -IE:\Keil\ARM\RV31\INC -IE:\Keil\ARM\CMSIS\Include -IE:\Keil\ARM\In
c\ST\STM32F10x --list=.\lab3.lst lab3.s



ARM Macro Assembler    Page 1 Alphabetic symbol ordering
Relocatable symbols

RESET 00000000

Symbol: RESET
   Definitions
      At line 3 in file lab3.s
   Uses
      None
Comment: RESET unused
X 00000008

Symbol: X
   Definitions
      At line 6 in file lab3.s
   Uses
      At line 14 in file lab3.s
Comment: X used once
Y 0000000C

Symbol: Y
   Definitions
      At line 7 in file lab3.s
   Uses
      At line 15 in file lab3.s
Comment: Y used once
3 symbols



ARM Macro Assembler    Page 1 Alphabetic symbol ordering
Relocatable symbols

CT1 00000010

Symbol: CT1
   Definitions
      At line 18 in file lab3.s
   Uses
      At line 16 in file lab3.s
Comment: CT1 used once
MYCODE 00000000

Symbol: MYCODE
   Definitions
      At line 8 in file lab3.s
   Uses
      None
Comment: MYCODE unused
hoandoi 00000026

Symbol: hoandoi
   Definitions
      At line 33 in file lab3.s
   Uses
      At line 25 in file lab3.s
Comment: hoandoi used once
ketqua 0000002E

Symbol: ketqua
   Definitions
      At line 38 in file lab3.s
   Uses
      At line 30 in file lab3.s
Comment: ketqua used once
looptru 00000018

Symbol: looptru
   Definitions
      At line 23 in file lab3.s
   Uses
      At line 31 in file lab3.s
Comment: looptru used once
start 00000000

Symbol: start
   Definitions
      At line 11 in file lab3.s
   Uses
      At line 5 in file lab3.s
Comment: start used once
thoat 00000032

Symbol: thoat
   Definitions
      At line 41 in file lab3.s
   Uses
      At line 20 in file lab3.s
      At line 22 in file lab3.s

tieptuc 0000001C




ARM Macro Assembler    Page 2 Alphabetic symbol ordering
Relocatable symbols

Symbol: tieptuc
   Definitions
      At line 27 in file lab3.s
   Uses
      At line 37 in file lab3.s
Comment: tieptuc used once
8 symbols
341 symbols in table
