


ARM Macro Assembler    Page 1 


    1 00000000         ;Vi?t chuong trình d?m s? ph?n t? duong, âm trong ma tr?
                       n
    2 00000000         
    3 00000000                 AREA             RESET , DATA ,READONLY
    4 00000000 20001000        DCD              0x20001000
    5 00000004 00000000        DCD              start
    6 00000008 00000001 
              FFFFFFFF 
              FFFFFFFF MaTran  DCD              1,-1,-1
    7 00000014 00000002 
              FFFFFFFE 
              00000002         DCD              2,-2,2
    8 00000020 FFFFFFFD 
              00000003 
              FFFFFFFD         DCD              -3,3,-3
    9 0000002C                 AREA             KQ,DATA ,READWRITE
   10 00000000 00000000 
                       SoAm    DCD              0
   11 00000004 00000000 
                       SoDuong DCD              0
   12 00000008                 AREA             mycode ,CODE ,READONLY
   13 00000000                 EXPORT           start
   14 00000000                 ENTRY
   15 00000000         start
   16 00000000         ;============================
   17 00000000 00000009 
                       pt      EQU              9
   18 00000000 F04F 0000       MOV              R0,#0       ;DUONG
   19 00000004 F04F 0100       MOV              R1,#0       ;AM
   20 00000008 F04F 0200       MOV              R2,#0       ;BienNhay
   21 0000000C 4B0F            LDR              R3,=MaTran  ;lay dia chi
   22 0000000E 589C            LDR              R4,[R3,R2]  ;lay gia tri
   23 00000010 F04F 0509       LDR              R5,=pt
   24 00000014 B43F            PUSH{R0,R1,R2,R3,R4,R5}
   25 00000016 F7FF FFFE       BL               DEM
   26 0000001A         DEM     PROC
   27 0000001A BC3F            POP{R0,R1,R2,R3,R4,R5}
   28 0000001C         loop
   29 0000001C 2D00            CMP              R5,#0       ; so sanH R5 vaf 0
   30 0000001E D00F            BEQ              thoat       ;Bang thi ket thuc
   31 00000020 589C            LDR              R4,[R3,R2]  ; lay gia tri tu di
                                                            a chi R3 + R2
   32 00000022 2C00            CMP              R4,#0       ; SO SANH R4 VOI 0
   33 00000024 DC01            BGT              lasoduong   ; > THI NHAY SANG S
                                                            O DUONG
   34 00000026 DB03            BLT              lasoam      ; < THI NHAY SANG A
                                                            M
   35 00000028 E005            B                tiep        ; BANG 0 THI DEN B 
                                                            TIEP
   36 0000002A         
   37 0000002A         lasoduong
   38 0000002A F100 0001       ADD              R0,#1       ;CONG R0 LEN 1
   39 0000002E E002            B                tiep
   40 00000030         lasoam
   41 00000030 F101 0101       ADD              R1,#1       ; + R1 LEN 1
   42 00000034 E7FF            B                tiep
   43 00000036         tiep
   44 00000036 F102 0204       ADD              R2,#4       ;R2 + 4 DE TRO DEN 
                                                            GIA TRI TIEP THEO C



ARM Macro Assembler    Page 2 


                                                            UA MA TRAN
   45 0000003A F1A5 0501       SUB              R5,#1       ; phan tu xoa pt vu
                                                            a tinh
   46 0000003E E7ED            B                loop
   47 00000040         
   48 00000040         thoat
   49 00000040 4E03            LDR              R6,=SoDuong
   50 00000042 6030            STR              R0,[R6]
   51 00000044 4F03            LDR              R7,=SoAm
   52 00000046 6039            STR              R1,[R7]
   53 00000048 DF11            SWI              &11
   54 0000004A         
   55 0000004A         
   56 0000004A         ;============================
   57 0000004A                 END
              00 00 00000000 
              00000000 
              00000000 
Command Line: --debug --xref --cpu=Cortex-M3 --apcs=interwork --depend=.\lab4.d
 -o.\lab4.o -IE:\Keil\ARM\RV31\INC -IE:\Keil\ARM\CMSIS\Include -IE:\Keil\ARM\In
c\ST\STM32F10x --list=.\lab4.lst lab4.s



ARM Macro Assembler    Page 1 Alphabetic symbol ordering
Relocatable symbols

MaTran 00000008

Symbol: MaTran
   Definitions
      At line 6 in file lab4.s
   Uses
      At line 21 in file lab4.s
Comment: MaTran used once
RESET 00000000

Symbol: RESET
   Definitions
      At line 3 in file lab4.s
   Uses
      None
Comment: RESET unused
2 symbols



ARM Macro Assembler    Page 1 Alphabetic symbol ordering
Relocatable symbols

KQ 00000000

Symbol: KQ
   Definitions
      At line 9 in file lab4.s
   Uses
      None
Comment: KQ unused
SoAm 00000000

Symbol: SoAm
   Definitions
      At line 10 in file lab4.s
   Uses
      At line 51 in file lab4.s
Comment: SoAm used once
SoDuong 00000004

Symbol: SoDuong
   Definitions
      At line 11 in file lab4.s
   Uses
      At line 49 in file lab4.s
Comment: SoDuong used once
3 symbols



ARM Macro Assembler    Page 1 Alphabetic symbol ordering
Relocatable symbols

DEM 0000001A

Symbol: DEM
   Definitions
      At line 26 in file lab4.s
   Uses
      At line 25 in file lab4.s
Comment: DEM used once
lasoam 00000030

Symbol: lasoam
   Definitions
      At line 40 in file lab4.s
   Uses
      At line 34 in file lab4.s
Comment: lasoam used once
lasoduong 0000002A

Symbol: lasoduong
   Definitions
      At line 37 in file lab4.s
   Uses
      At line 33 in file lab4.s
Comment: lasoduong used once
loop 0000001C

Symbol: loop
   Definitions
      At line 28 in file lab4.s
   Uses
      At line 46 in file lab4.s
Comment: loop used once
mycode 00000000

Symbol: mycode
   Definitions
      At line 12 in file lab4.s
   Uses
      None
Comment: mycode unused
start 00000000

Symbol: start
   Definitions
      At line 15 in file lab4.s
   Uses
      At line 5 in file lab4.s
      At line 13 in file lab4.s

thoat 00000040

Symbol: thoat
   Definitions
      At line 48 in file lab4.s
   Uses
      At line 30 in file lab4.s
Comment: thoat used once
tiep 00000036




ARM Macro Assembler    Page 2 Alphabetic symbol ordering
Relocatable symbols

Symbol: tiep
   Definitions
      At line 43 in file lab4.s
   Uses
      At line 35 in file lab4.s
      At line 39 in file lab4.s
      At line 42 in file lab4.s

8 symbols



ARM Macro Assembler    Page 1 Alphabetic symbol ordering
Absolute symbols

pt 00000009

Symbol: pt
   Definitions
      At line 17 in file lab4.s
   Uses
      At line 23 in file lab4.s
Comment: pt used once
1 symbol
346 symbols in table
