


ARM Macro Assembler    Page 1 


    1 00000000         ; Khai bao doan du lieu
    2 00000000                 AREA             RESET, DATA, READONLY
    3 00000000 20001000        DCD              0x20001000  ; stack pointer val
                                                            ue when stack is em
                                                            pty
    4 00000004 00000000        DCD              start       ; reset vector
    5 00000008         
    6 00000008         ; Khai bao doan ma lenh
    7 00000008                 AREA             MYCODE, CODE, READONLY
    8 00000000         
    9 00000000                 ENTRY                        ;Khai bao diem vao 
                                                            chuong trinh
   10 00000000                 EXPORT           start
   11 00000000         
   12 00000000         start
   13 00000000         ;=========================
   14 00000000 00000005 
                       N       EQU              5
   15 00000000 F04F 0101       MOV              R1,#1       ; gan R1 = 1
   16 00000004 F04F 0205       LDR              R2,=N       ; luu R2 = N = 5
   17 00000008 F04F 0301       MOV              R3,#1       ; gan R3 = 1
   18 0000000C         
   19 0000000C         ;5X4X3X2X1
   20 0000000C         giaithua
   21 0000000C 4293            CMP              R3,R2
   22 0000000E D804            BHI              thoat
   23 00000010 FB01 F103       MUL              R1,R3
   24 00000014 F103 0301       ADD              R3,#1
   25 00000018 E7F8            B                giaithua
   26 0000001A         thoat
   27 0000001A         
   28 0000001A         
   29 0000001A E7FE    stop    B                stop
   30 0000001C                 END
Command Line: --debug --xref --cpu=Cortex-M3 --apcs=interwork --depend=.\lab1.d
 -o.\lab1.o -IE:\Keil\ARM\RV31\INC -IE:\Keil\ARM\CMSIS\Include -IE:\Keil\ARM\In
c\ST\STM32F10x --list=.\lab1.lst lab1.s



ARM Macro Assembler    Page 1 Alphabetic symbol ordering
Relocatable symbols

RESET 00000000

Symbol: RESET
   Definitions
      At line 2 in file lab1.s
   Uses
      None
Comment: RESET unused
1 symbol



ARM Macro Assembler    Page 1 Alphabetic symbol ordering
Relocatable symbols

MYCODE 00000000

Symbol: MYCODE
   Definitions
      At line 7 in file lab1.s
   Uses
      None
Comment: MYCODE unused
giaithua 0000000C

Symbol: giaithua
   Definitions
      At line 20 in file lab1.s
   Uses
      At line 25 in file lab1.s
Comment: giaithua used once
start 00000000

Symbol: start
   Definitions
      At line 12 in file lab1.s
   Uses
      At line 4 in file lab1.s
      At line 10 in file lab1.s

stop 0000001A

Symbol: stop
   Definitions
      At line 29 in file lab1.s
   Uses
      At line 29 in file lab1.s
Comment: stop used once
thoat 0000001A

Symbol: thoat
   Definitions
      At line 26 in file lab1.s
   Uses
      At line 22 in file lab1.s
Comment: thoat used once
5 symbols



ARM Macro Assembler    Page 1 Alphabetic symbol ordering
Absolute symbols

N 00000005

Symbol: N
   Definitions
      At line 14 in file lab1.s
   Uses
      At line 16 in file lab1.s
Comment: N used once
1 symbol
337 symbols in table
