


ARM Macro Assembler    Page 1 


    1 00000000                 AREA             RESET, DATA, READONLY
    2 00000000 20001000        DCD              0x20001000
    3 00000004 00000000        DCD              Reset_Handler
    4 00000008                 ALIGN
    5 00000008 01 41 42 
                       DV      DCB              1, "A", "B" ;Du lieu dau vao 0x
                                                            1A
    6 0000000B 00 00000003 
                       SPT     DCD              3
    7 00000010                 AREA             STORE, DATA, READWRITE
    8 00000000 00      DR      DCB              0
    9 00000001                 AREA             MYCODE, CODE, READONLY
   10 00000000                 EXPORT           Reset_Handler
   11 00000000         ;=====================================
   12 00000000         ;Doc cac ky tu
   13 00000000         CHUYEN_KI_TU_SANG_CS16
                               PROC
   14 00000000 BC80            POP              {R7}
   15 00000002 2F46            CMP              R7, #0x46   ;Chu F
   16 00000004 DC25            BGT              THOAT       ; Khong hop le
   17 00000006 2F41            CMP              R7, #0x41   ;Chu A
   18 00000008 BFA8 3F37       SUBGE            R7, #0x37   ;Chu A tuong duong 
                                                            voi so 10
   19 0000000C F007 070F       AND              R7, #0x0F   ; Dam bao rang so t
                                                            u 0-Fa
   20 00000010 B480            PUSH             {R7}
   21 00000012 4770            BX               LR
   22 00000014                 ENDP
   23 00000014         ;=====================================
   24 00000014                 ENTRY
   25 00000014         Reset_Handler
   26 00000014 480F            LDR              R0, =DV
   27 00000016 F85F 1004       LDR              R1, SPT
   28 0000001A 4A0F            LDR              R2, =DR
   29 0000001C F04F 0301       MOV              R3, #1
   30 00000020         LOOP
   31 00000020 428B            CMP              R3, R1
   32 00000022 DC16            BGT              THOAT
   33 00000024 F810 4B01       LDRB             R4, [R0], #1
   34 00000028 B410            PUSH             {R4}
   35 0000002A F7FF FFFE       BL               CHUYEN_KI_TU_SANG_CS16
   36 0000002E BC10            POP              {R4}
   37 00000030 F102 0201       ADD              R2, #1      ; Tien them 1 bit d
                                                            e viet nguoc lai
   38 00000034 F004 0503       AND              R5, R4, #0x03 ; 00000011
   39 00000038 F802 5901       STRB             R5, [R2], #-1 ;
   40 0000003C EA4F 0494       LSR              R4, #2      ; Dich phai 2 bit
   41 00000040 F004 0503       AND              R5, R4, #0x03 ; 00000011
   42 00000044 F802 5901       STRB             R5, [R2], #-1 ;
   43 00000048 F103 0301       ADD              R3, #1      ;
   44 0000004C F102 0203       ADD              R2, #3      ;nhay den o trong t
                                                            iep theo
   45 00000050 E7E6            B                LOOP
   46 00000052         THOAT
   47 00000052 DF11            SWI              &11
   48 00000054                 END
              00000000 
              00000000 
Command Line: --debug --xref --cpu=Cortex-M3 --apcs=interwork --depend=.\lab51f



ARM Macro Assembler    Page 2 


.d -o.\lab51f.o -IE:\Keil\ARM\RV31\INC -IE:\Keil\ARM\CMSIS\Include -IE:\Keil\AR
M\Inc\ST\STM32F10x --list=.\lab51f.lst lab51f.s



ARM Macro Assembler    Page 1 Alphabetic symbol ordering
Relocatable symbols

DV 00000008

Symbol: DV
   Definitions
      At line 5 in file lab51f.s
   Uses
      At line 26 in file lab51f.s
Comment: DV used once
RESET 00000000

Symbol: RESET
   Definitions
      At line 1 in file lab51f.s
   Uses
      None
Comment: RESET unused
SPT 0000000C

Symbol: SPT
   Definitions
      At line 6 in file lab51f.s
   Uses
      At line 27 in file lab51f.s
Comment: SPT used once
3 symbols



ARM Macro Assembler    Page 1 Alphabetic symbol ordering
Relocatable symbols

DR 00000000

Symbol: DR
   Definitions
      At line 8 in file lab51f.s
   Uses
      At line 28 in file lab51f.s
Comment: DR used once
STORE 00000000

Symbol: STORE
   Definitions
      At line 7 in file lab51f.s
   Uses
      None
Comment: STORE unused
2 symbols



ARM Macro Assembler    Page 1 Alphabetic symbol ordering
Relocatable symbols

CHUYEN_KI_TU_SANG_CS16 00000000

Symbol: CHUYEN_KI_TU_SANG_CS16
   Definitions
      At line 13 in file lab51f.s
   Uses
      At line 35 in file lab51f.s
Comment: CHUYEN_KI_TU_SANG_CS16 used once
LOOP 00000020

Symbol: LOOP
   Definitions
      At line 30 in file lab51f.s
   Uses
      At line 45 in file lab51f.s
Comment: LOOP used once
MYCODE 00000000

Symbol: MYCODE
   Definitions
      At line 9 in file lab51f.s
   Uses
      None
Comment: MYCODE unused
Reset_Handler 00000014

Symbol: Reset_Handler
   Definitions
      At line 25 in file lab51f.s
   Uses
      At line 3 in file lab51f.s
      At line 10 in file lab51f.s

THOAT 00000052

Symbol: THOAT
   Definitions
      At line 46 in file lab51f.s
   Uses
      At line 16 in file lab51f.s
      At line 32 in file lab51f.s

5 symbols
342 symbols in table
