


ARM Macro Assembler    Page 1 


    1 00000000         ; Khai bao doan du lieu
    2 00000000                 AREA             RESET, DATA, READONLY
    3 00000000 20001000        DCD              0x20001000  ; stack pointer val
                                                            ue when stack is em
                                                            pty
    4 00000004 00000000        DCD              Reset_Handler ; reset vector
    5 00000008         
    6 00000008         ; Khai bao doan ma lenh
    7 00000008                 AREA             MYCODE, CODE, READONLY
    8 00000000         
    9 00000000                 ENTRY                        ;Khai bao diem vao 
                                                            chuong trinh
   10 00000000                 EXPORT           Reset_Handler
   11 00000000         
   12 00000000         Reset_Handler
   13 00000000         ;-------------------------------------------------------
                       ------------------
   14 00000000         ; Bat dau doan code (Diem vao cua chuong trinh)---------
                       ------------------
   15 00000000         ; 
   16 00000000 00000002 
                       X       EQU              2
   17 00000000 00000005 
                       N       EQU              5
   18 00000000         
   19 00000000 F04F 0001       MOV              R0 , #1     ;
   20 00000004 F04F 0102       LDR              R1, =X      ;
   21 00000008 F04F 0205       LDR              R2, =N      ;
   22 0000000C F04F 0301       MOV              R3, #1      ;
   23 00000010 F04F 0402       LDR              R4, =X      ;
   24 00000014         tong
   25 00000014 4293            CMP              R3, R2      ;
   26 00000016 DC05            BGT              ketthuc     ;
   27 00000018 FB04 F401       MUL              R4, R1      ;
   28 0000001C 4420            ADD              R0, R4      ;
   29 0000001E F103 0301       ADD              R3, #1      ;
   30 00000022 E7F7            B                tong
   31 00000024         
   32 00000024         ketthuc
   33 00000024         
   34 00000024 E7FE    stop    B                stop
   35 00000026         ;-------------------------------------------------------
                       ------------------
   36 00000026                 END                          ;Ket thuc chuong tr
                                                            inhf
Command Line: --debug --xref --cpu=Cortex-M3 --apcs=interwork --depend=.\lab1.d
 -o.\lab1.o -IE:\Keil\ARM\RV31\INC -IE:\Keil\ARM\CMSIS\Include -IE:\Keil\ARM\In
c\ST\STM32F10x --list=.\lab1.lst lab1.s



ARM Macro Assembler    Page 1 Alphabetic symbol ordering
Relocatable symbols

RESET 00000000

Symbol: RESET
   Definitions
      At line 2 in file lab1.s
   Uses
      None
Comment: RESET unused
1 symbol



ARM Macro Assembler    Page 1 Alphabetic symbol ordering
Relocatable symbols

MYCODE 00000000

Symbol: MYCODE
   Definitions
      At line 7 in file lab1.s
   Uses
      None
Comment: MYCODE unused
Reset_Handler 00000000

Symbol: Reset_Handler
   Definitions
      At line 12 in file lab1.s
   Uses
      At line 4 in file lab1.s
      At line 10 in file lab1.s

ketthuc 00000024

Symbol: ketthuc
   Definitions
      At line 32 in file lab1.s
   Uses
      At line 26 in file lab1.s
Comment: ketthuc used once
stop 00000024

Symbol: stop
   Definitions
      At line 34 in file lab1.s
   Uses
      At line 34 in file lab1.s
Comment: stop used once
tong 00000014

Symbol: tong
   Definitions
      At line 24 in file lab1.s
   Uses
      At line 30 in file lab1.s
Comment: tong used once
5 symbols



ARM Macro Assembler    Page 1 Alphabetic symbol ordering
Absolute symbols

N 00000005

Symbol: N
   Definitions
      At line 17 in file lab1.s
   Uses
      At line 21 in file lab1.s
Comment: N used once
X 00000002

Symbol: X
   Definitions
      At line 16 in file lab1.s
   Uses
      At line 20 in file lab1.s
      At line 23 in file lab1.s

2 symbols
338 symbols in table
