


ARM Macro Assembler    Page 1 


    1 00000000         ;Vi?t chuong trình tính t?ng các s? ch?n, l? trong ma tr
                       ?n
    2 00000000                 AREA             RESET, DATA, READONLY
    3 00000000 20001000        DCD              0x20001000
    4 00000004 00000000        DCD              Reset_Handler
    5 00000008 00000003 
              00000004 
              00000005 
              00000006 matran  DCD              3,4,5,6
    6 00000018 00000006 
              00000005 
              00000004 
              00000003         DCD              6,5,4,3
    7 00000028 00000003 
              00000004 
              00000005 
              00000006         DCD              3,4,5,6
    8 00000038 00000006 
              00000005 
              00000004 
              00000003         DCD              6,5,4,3
    9 00000048         
   10 00000048                 AREA             RESET, DATA, READWRITE
   11 00000048 00000000 
                       TongChan
                               DCD              0
   12 0000004C 00000000 
                       TongLe  DCD              0
   13 00000050         
   14 00000050                 AREA             MYCODE, CODE, READONLY
   15 00000000                 ENTRY
   16 00000000                 EXPORT           Reset_Handler
   17 00000000         
   18 00000000         Reset_Handler
   19 00000000         ;============================
   20 00000000 00000010 
                       soPhantu
                               EQU              16
   21 00000000 4813            LDR              R0,=matran
   22 00000002 F04F 0110       LDR              R1,=soPhantu
   23 00000006 F04F 0200       MOV              R2,#0       ;TCHAN
   24 0000000A F04F 0300       MOV              R3,#0       ;TLE
   25 0000000E B40F            PUSH{R0,R1,R2,R3}
   26 00000010 F7FF FFFE       BL               CHANLE
   27 00000014         CHANLE  PROC
   28 00000014 BC0F            POP{R0,R1,R2,R3}
   29 00000016         loop
   30 00000016 2900            CMP              R1,#0       ;so sanh het thi du
                                                            ng
   31 00000018 D012            BEQ              thoat
   32 0000001A F1A1 0101       SUB              R1,#1       ;- R1 DI 1 
   33 0000001E F850 4B04       LDR              R4,[R0],#4  ;R4 = 3 , TANG DIA 
                                                            CHI R0 + 4
   34 00000022 2C00            CMP              R4,#0       ;kiem tra R4 CO BAN
                                                             G 0 HAY K
   35 00000024 D0F7            BEQ              loop
   36 00000026 E7FF            B                KiemTra
   37 00000028         
   38 00000028         



ARM Macro Assembler    Page 2 


   39 00000028         ; KIEM TRA
   40 00000028         KiemTra
   41 00000028 F04F 0502       MOV              R5,#2       ;bat dau chan
   42 0000002C         ;MOV R6,#1 ; bat dau tu 1
   43 0000002C         add1
   44 0000002C 42A5            CMP              R5,R4       ;kiem tra R5 va r4
   45 0000002E F105 0502       ADD              R5,#2
   46 00000032 DBFB            BLT              add1        ;neu nho hon thi co
                                                            ng tiep
   47 00000034 DC02            BGT              le          ; lon hon thi le
   48 00000036 D0FF            BEQ              Chan        ; bang thi la so ch
                                                            an
   49 00000038         ; KIEM TRA
   50 00000038         
   51 00000038         Chan
   52 00000038 4422            ADD              R2,R4       ;R2 = R2 +R4
   53 0000003A E7EC            B                loop
   54 0000003C         le
   55 0000003C 4423            ADD              R3,R4       ;R3 = R3 +R4
   56 0000003E E7EA            B                loop
   57 00000040         thoat
   58 00000040 4F04            LDR              R7,=TongChan
   59 00000042 603A            STR              R2,[R7]
   60 00000044 F8DF 8010       LDR              R8,=TongLe
   61 00000048 F8C8 3000       STR              R3,[R8]
   62 0000004C DF11            SWI              &11
   63 0000004E         ;============================
   64 0000004E                 END
              00 00 00000000 
              00000000 
              00000000 
Command Line: --debug --xref --cpu=Cortex-M3 --apcs=interwork --depend=.\lab4.d
 -o.\lab4.o -IE:\Keil\ARM\RV31\INC -IE:\Keil\ARM\CMSIS\Include -IE:\Keil\ARM\In
c\ST\STM32F10x --list=.\lab4.lst lab4.s



ARM Macro Assembler    Page 1 Alphabetic symbol ordering
Relocatable symbols

RESET 00000000

Symbol: RESET
   Definitions
      At line 2 in file lab4.s
   Uses
      None
Comment: RESET unused
TongChan 00000048

Symbol: TongChan
   Definitions
      At line 11 in file lab4.s
   Uses
      At line 58 in file lab4.s
Comment: TongChan used once
TongLe 0000004C

Symbol: TongLe
   Definitions
      At line 12 in file lab4.s
   Uses
      At line 60 in file lab4.s
Comment: TongLe used once
matran 00000008

Symbol: matran
   Definitions
      At line 5 in file lab4.s
   Uses
      At line 21 in file lab4.s
Comment: matran used once
4 symbols



ARM Macro Assembler    Page 1 Alphabetic symbol ordering
Relocatable symbols

CHANLE 00000014

Symbol: CHANLE
   Definitions
      At line 27 in file lab4.s
   Uses
      At line 26 in file lab4.s
Comment: CHANLE used once
Chan 00000038

Symbol: Chan
   Definitions
      At line 51 in file lab4.s
   Uses
      At line 48 in file lab4.s
Comment: Chan used once
KiemTra 00000028

Symbol: KiemTra
   Definitions
      At line 40 in file lab4.s
   Uses
      At line 36 in file lab4.s
Comment: KiemTra used once
MYCODE 00000000

Symbol: MYCODE
   Definitions
      At line 14 in file lab4.s
   Uses
      None
Comment: MYCODE unused
Reset_Handler 00000000

Symbol: Reset_Handler
   Definitions
      At line 18 in file lab4.s
   Uses
      At line 4 in file lab4.s
      At line 16 in file lab4.s

add1 0000002C

Symbol: add1
   Definitions
      At line 43 in file lab4.s
   Uses
      At line 46 in file lab4.s
Comment: add1 used once
le 0000003C

Symbol: le
   Definitions
      At line 54 in file lab4.s
   Uses
      At line 47 in file lab4.s
Comment: le used once
loop 00000016




ARM Macro Assembler    Page 2 Alphabetic symbol ordering
Relocatable symbols

Symbol: loop
   Definitions
      At line 29 in file lab4.s
   Uses
      At line 35 in file lab4.s
      At line 53 in file lab4.s
      At line 56 in file lab4.s

thoat 00000040

Symbol: thoat
   Definitions
      At line 57 in file lab4.s
   Uses
      At line 31 in file lab4.s
Comment: thoat used once
9 symbols



ARM Macro Assembler    Page 1 Alphabetic symbol ordering
Absolute symbols

soPhantu 00000010

Symbol: soPhantu
   Definitions
      At line 20 in file lab4.s
   Uses
      At line 22 in file lab4.s
Comment: soPhantu used once
1 symbol
346 symbols in table
