


ARM Macro Assembler    Page 1 


    1 00000000         
    2 00000000                 AREA             RESET, DATA,READONLY
    3 00000000 20001000        DCD              0X20001000
    4 00000004 00000000        DCD              start
    5 00000008 00000014 
                       X       DCD              20
    6 0000000C 0000000C 
                       Y       DCD              12
    7 00000010                 AREA             MYCODE, CODE,READONLY
    8 00000000                 ENTRY
    9 00000000         
   10 00000000         start
   11 00000000         ;==============
   12 00000000 F04F 0000       MOV              R0,#0
   13 00000004 F85F 1004       LDR              R1,X
   14 00000008 F85F 2004       LDR              R2,Y
   15 0000000C         
   16 0000000C         
   17 0000000C 2900            CMP              R1,#0
   18 0000000E DD0C            BLE              thoat
   19 00000010 2A00            CMP              R2,#0
   20 00000012 DD0A            BLE              thoat
   21 00000014 F7FF FFFE       BL               CT1
   22 00000018 F85F 1004       LDR              R1,X
   23 0000001C F85F 2004       LDR              R2,Y
   24 00000020 FB01 F002       MUL              R0,R1,R2
   25 00000024 FBB0 F4F3       UDIV             R4,R0,R3
   26 00000028 DF11            SWI              &11
   27 0000002A         thoat
   28 0000002A F04F 0300       MOV              R3,#0
   29 0000002E F04F 0400       MOV              R4,#0
   30 00000032 DF11            SWI              &11
   31 00000034         CT1     PROC
   32 00000034         looptru
   33 00000034 4291            CMP              R1,R2       ;kiem tra
   34 00000036 DB04            BLT              hoandoi
   35 00000038         
   36 00000038         tieptuc
   37 00000038 EBA1 0102       SUB              R1,R2
   38 0000003C 2900            CMP              R1,#0
   39 0000003E D004            BEQ              ketqua
   40 00000040 E7F8            B                looptru
   41 00000042         
   42 00000042         hoandoi
   43 00000042 4614            MOV              R4,R2
   44 00000044 460A            MOV              R2,R1
   45 00000046 4621            MOV              R1,R4
   46 00000048 E7F6            B                tieptuc
   47 0000004A         ketqua
   48 0000004A 4613            MOV              R3,R2
   49 0000004C         ;ket thuc ucln
   50 0000004C 4770            BX               LR
   51 0000004E                 ENDP
   52 0000004E                 END
Command Line: --debug --xref --cpu=Cortex-M3 --apcs=interwork --depend=.\lab3.d
 -o.\lab3.o -IE:\Keil\ARM\RV31\INC -IE:\Keil\ARM\CMSIS\Include -IE:\Keil\ARM\In
c\ST\STM32F10x --list=.\lab3.lst lab3.s



ARM Macro Assembler    Page 1 Alphabetic symbol ordering
Relocatable symbols

RESET 00000000

Symbol: RESET
   Definitions
      At line 2 in file lab3.s
   Uses
      None
Comment: RESET unused
X 00000008

Symbol: X
   Definitions
      At line 5 in file lab3.s
   Uses
      At line 13 in file lab3.s
      At line 22 in file lab3.s

Y 0000000C

Symbol: Y
   Definitions
      At line 6 in file lab3.s
   Uses
      At line 14 in file lab3.s
      At line 23 in file lab3.s

3 symbols



ARM Macro Assembler    Page 1 Alphabetic symbol ordering
Relocatable symbols

CT1 00000034

Symbol: CT1
   Definitions
      At line 31 in file lab3.s
   Uses
      At line 21 in file lab3.s
Comment: CT1 used once
MYCODE 00000000

Symbol: MYCODE
   Definitions
      At line 7 in file lab3.s
   Uses
      None
Comment: MYCODE unused
hoandoi 00000042

Symbol: hoandoi
   Definitions
      At line 42 in file lab3.s
   Uses
      At line 34 in file lab3.s
Comment: hoandoi used once
ketqua 0000004A

Symbol: ketqua
   Definitions
      At line 47 in file lab3.s
   Uses
      At line 39 in file lab3.s
Comment: ketqua used once
looptru 00000034

Symbol: looptru
   Definitions
      At line 32 in file lab3.s
   Uses
      At line 40 in file lab3.s
Comment: looptru used once
start 00000000

Symbol: start
   Definitions
      At line 10 in file lab3.s
   Uses
      At line 4 in file lab3.s
Comment: start used once
thoat 0000002A

Symbol: thoat
   Definitions
      At line 27 in file lab3.s
   Uses
      At line 18 in file lab3.s
      At line 20 in file lab3.s

tieptuc 00000038




ARM Macro Assembler    Page 2 Alphabetic symbol ordering
Relocatable symbols

Symbol: tieptuc
   Definitions
      At line 36 in file lab3.s
   Uses
      At line 46 in file lab3.s
Comment: tieptuc used once
8 symbols
341 symbols in table
