


ARM Macro Assembler    Page 1 


    1 00000000         
    2 00000000                 AREA             RESET,DATA,READONLY
    3 00000000 20001000        DCD              0X20001000
    4 00000004 00000000        DCD              start
    5 00000008         
    6 00000008 00000011 
                       N       DCD              17
    7 0000000C                 AREA             MYCODE, CODE,READONLY
    8 00000000                 ENTRY
    9 00000000         
   10 00000000         start
   11 00000000         ;=====================
   12 00000000         
   13 00000000 F04F 0000       MOV              R0,#0
   14 00000004 F85F 1004       LDR              R1,N
   15 00000008 F7FF FFFE       BL               CT1
   16 0000000C E7FE    stop    B                stop
   17 0000000E         CT1     PROC
   18 0000000E F04F 0205       MOV              R2,#5
   19 00000012         chiahet
   20 00000012 428A            CMP              R2,R1
   21 00000014 D803            BHI              thoat
   22 00000016 4410            ADD              R0,R2       ;R0 =R0 + R2 = 5
   23 00000018 F102 0205       ADD              R2,#5
   24 0000001C E7F9            B                chiahet
   25 0000001E         thoat
   26 0000001E 4770            BX               LR
   27 00000020                 ENDP
   28 00000020                 END
Command Line: --debug --xref --cpu=Cortex-M3 --apcs=interwork --depend=.\lab3.d
 -o.\lab3.o -IE:\Keil\ARM\RV31\INC -IE:\Keil\ARM\CMSIS\Include -IE:\Keil\ARM\In
c\ST\STM32F10x --list=.\lab3.lst lab3.s



ARM Macro Assembler    Page 1 Alphabetic symbol ordering
Relocatable symbols

N 00000008

Symbol: N
   Definitions
      At line 6 in file lab3.s
   Uses
      At line 14 in file lab3.s
Comment: N used once
RESET 00000000

Symbol: RESET
   Definitions
      At line 2 in file lab3.s
   Uses
      None
Comment: RESET unused
2 symbols



ARM Macro Assembler    Page 1 Alphabetic symbol ordering
Relocatable symbols

CT1 0000000E

Symbol: CT1
   Definitions
      At line 17 in file lab3.s
   Uses
      At line 15 in file lab3.s
Comment: CT1 used once
MYCODE 00000000

Symbol: MYCODE
   Definitions
      At line 7 in file lab3.s
   Uses
      None
Comment: MYCODE unused
chiahet 00000012

Symbol: chiahet
   Definitions
      At line 19 in file lab3.s
   Uses
      At line 24 in file lab3.s
Comment: chiahet used once
start 00000000

Symbol: start
   Definitions
      At line 10 in file lab3.s
   Uses
      At line 4 in file lab3.s
Comment: start used once
stop 0000000C

Symbol: stop
   Definitions
      At line 16 in file lab3.s
   Uses
      At line 16 in file lab3.s
Comment: stop used once
thoat 0000001E

Symbol: thoat
   Definitions
      At line 25 in file lab3.s
   Uses
      At line 21 in file lab3.s
Comment: thoat used once
6 symbols
338 symbols in table
