


ARM Macro Assembler    Page 1 


    1 00000000                 AREA             RESET, DATA, READONLY
    2 00000000 20001000        DCD              0x20001000
    3 00000004 00000000        DCD              Reset_Handler
    4 00000008 00000001 
              00000001 
              00000001 
              00000001 matran  DCD              1,1,1,1
    5 00000018 00000001 
              00000002 
              00000001 
              00000001         DCD              1,2,1,1
    6 00000028 00000001 
              00000003 
              00000004 
              00000001         DCD              1,3,4,1
    7 00000038 00000001 
              00000001 
              00000001 
              00000005         DCD              1,1,1,5
    8 00000048         
    9 00000048                 AREA             RESET, DATA, READWRITE
   10 00000048 00000000 
                       MAXCC   DCD              0
   11 0000004C 00000000 
                       MINCC   DCD              0
   12 00000050         
   13 00000050                 AREA             MYCODE, CODE, READONLY
   14 00000000                 ENTRY
   15 00000000                 EXPORT           Reset_Handler
   16 00000000         
   17 00000000         Reset_Handler
   18 00000000         ;============================
   19 00000000 00000004 
                       hang    EQU              4
   20 00000000 4A11            LDR              R2,=matran
   21 00000002 F04F 0304       LDR              R3,=hang
   22 00000006 F102 020C       ADD              R2,#12
   23 0000000A 6814            LDR              R4,[R2]
   24 0000000C 4620            MOV              R0,R4       ;MAX
   25 0000000E 4621            MOV              R1,R4       ;MIN
   26 00000010 F1A3 0301       SUB              R3,#1       ;lay truoc 1 lan th
                                                            i phai tru di
   27 00000014 B41F            PUSH{R0,R1,R2,R3,R4}
   28 00000016 F7FF FFFE       BL               MATRANMINMAX
   29 0000001A         MATRANMINMAX
                               PROC
   30 0000001A BC1F            POP{R0,R1,R2,R3,R4}
   31 0000001C         loop
   32 0000001C 2B00            CMP              R3,#0
   33 0000001E D00D            BEQ              thoat
   34 00000020 F852 4B0C       LDR              R4,[R2],#12
   35 00000024 4284            CMP              R4,R0
   36 00000026 DC04            BGT              PMAX
   37 00000028 428C            CMP              R4,R1
   38 0000002A DB00            BLT              PMIN
   39 0000002C E003            B                tiep
   40 0000002E         PMIN
   41 0000002E 4621            MOV              R1,R4       ;gan gia tri R0 cho
                                                             R4



ARM Macro Assembler    Page 2 


   42 00000030 E001            B                tiep
   43 00000032         
   44 00000032         PMAX
   45 00000032 4620            MOV              R0,R4       ;gan gia tri R0 cho
                                                             R4
   46 00000034 E7FF            B                tiep
   47 00000036         tiep
   48 00000036 F1A3 0301       SUB              R3,#1
   49 0000003A E7EF            B                loop
   50 0000003C         thoat
   51 0000003C 4E03            LDR              R6,=MAXCC
   52 0000003E 6030            STR              R0,[R6]
   53 00000040 4F03            LDR              R7,=MINCC
   54 00000042 6039            STR              R1,[R7]
   55 00000044 DF11            SWI              &11
   56 00000046                 ENDP
   57 00000046                 END
              00 00 00000000 
              00000000 
              00000000 
Command Line: --debug --xref --cpu=Cortex-M3 --apcs=interwork --depend=.\lab4.d
 -o.\lab4.o -IE:\Keil\ARM\RV31\INC -IE:\Keil\ARM\CMSIS\Include -IE:\Keil\ARM\In
c\ST\STM32F10x --list=.\lab4.lst lab4.s



ARM Macro Assembler    Page 1 Alphabetic symbol ordering
Relocatable symbols

MAXCC 00000048

Symbol: MAXCC
   Definitions
      At line 10 in file lab4.s
   Uses
      At line 51 in file lab4.s
Comment: MAXCC used once
MINCC 0000004C

Symbol: MINCC
   Definitions
      At line 11 in file lab4.s
   Uses
      At line 53 in file lab4.s
Comment: MINCC used once
RESET 00000000

Symbol: RESET
   Definitions
      At line 1 in file lab4.s
   Uses
      None
Comment: RESET unused
matran 00000008

Symbol: matran
   Definitions
      At line 4 in file lab4.s
   Uses
      At line 20 in file lab4.s
Comment: matran used once
4 symbols



ARM Macro Assembler    Page 1 Alphabetic symbol ordering
Relocatable symbols

MATRANMINMAX 0000001A

Symbol: MATRANMINMAX
   Definitions
      At line 29 in file lab4.s
   Uses
      At line 28 in file lab4.s
Comment: MATRANMINMAX used once
MYCODE 00000000

Symbol: MYCODE
   Definitions
      At line 13 in file lab4.s
   Uses
      None
Comment: MYCODE unused
PMAX 00000032

Symbol: PMAX
   Definitions
      At line 44 in file lab4.s
   Uses
      At line 36 in file lab4.s
Comment: PMAX used once
PMIN 0000002E

Symbol: PMIN
   Definitions
      At line 40 in file lab4.s
   Uses
      At line 38 in file lab4.s
Comment: PMIN used once
Reset_Handler 00000000

Symbol: Reset_Handler
   Definitions
      At line 17 in file lab4.s
   Uses
      At line 3 in file lab4.s
      At line 15 in file lab4.s

loop 0000001C

Symbol: loop
   Definitions
      At line 31 in file lab4.s
   Uses
      At line 49 in file lab4.s
Comment: loop used once
thoat 0000003C

Symbol: thoat
   Definitions
      At line 50 in file lab4.s
   Uses
      At line 33 in file lab4.s
Comment: thoat used once
tiep 00000036




ARM Macro Assembler    Page 2 Alphabetic symbol ordering
Relocatable symbols

Symbol: tiep
   Definitions
      At line 47 in file lab4.s
   Uses
      At line 39 in file lab4.s
      At line 42 in file lab4.s
      At line 46 in file lab4.s

8 symbols



ARM Macro Assembler    Page 1 Alphabetic symbol ordering
Absolute symbols

hang 00000004

Symbol: hang
   Definitions
      At line 19 in file lab4.s
   Uses
      At line 21 in file lab4.s
Comment: hang used once
1 symbol
345 symbols in table
