


ARM Macro Assembler    Page 1 


    1 00000000         ; Khai bao doan du lieu
    2 00000000                 AREA             RESET, DATA, READONLY
    3 00000000 20001000        DCD              0x20001000  ; stack pointer val
                                                            ue when stack is em
                                                            pty
    4 00000004 00000000        DCD              Reset_Handler ; reset vector
    5 00000008         
    6 00000008         ; Khai bao doan ma lenh
    7 00000008                 AREA             MYCODE, CODE, READONLY
    8 00000000         
    9 00000000                 ENTRY                        ;Khai bao diem vao 
                                                            chuong trinh
   10 00000000                 EXPORT           Reset_Handler
   11 00000000         
   12 00000000         Reset_Handler
   13 00000000         ;-------------------------------------------------------
                       ------------------
   14 00000000         ; Bat dau doan code (Diem vao cua chuong trinh)---------
                       ------------------
   15 00000000 00000005 
                       N       EQU              5
   16 00000000         
   17 00000000 F04F 0100       MOV              R1,#0       ;gan gia tri R1 =0
   18 00000004 F04F 0205       LDR              R2, =N      ; R2 = N = 5
   19 00000008         
   20 00000008         Tinhtong
   21 00000008 4411            ADD              R1,R2       ;R1 = R1 + R2 = 5
   22 0000000A 3A01            SUBS             R2, #1      ; R2 = R2 -1 = 4
   23 0000000C 2A00            CMP              R2, #0      ;so sanh
   24 0000000E DCFB            BGT              Tinhtong
   25 00000010         stop
   26 00000010 E7FE            B                stop
   27 00000012                 END                          ;KET THUC
Command Line: --debug --xref --cpu=Cortex-M3 --apcs=interwork --depend=.\lab1.d
 -o.\lab1.o -IE:\Keil\ARM\RV31\INC -IE:\Keil\ARM\CMSIS\Include -IE:\Keil\ARM\In
c\ST\STM32F10x --list=.\lab1.lst lab1.s



ARM Macro Assembler    Page 1 Alphabetic symbol ordering
Relocatable symbols

RESET 00000000

Symbol: RESET
   Definitions
      At line 2 in file lab1.s
   Uses
      None
Comment: RESET unused
1 symbol



ARM Macro Assembler    Page 1 Alphabetic symbol ordering
Relocatable symbols

MYCODE 00000000

Symbol: MYCODE
   Definitions
      At line 7 in file lab1.s
   Uses
      None
Comment: MYCODE unused
Reset_Handler 00000000

Symbol: Reset_Handler
   Definitions
      At line 12 in file lab1.s
   Uses
      At line 4 in file lab1.s
      At line 10 in file lab1.s

Tinhtong 00000008

Symbol: Tinhtong
   Definitions
      At line 20 in file lab1.s
   Uses
      At line 24 in file lab1.s
Comment: Tinhtong used once
stop 00000010

Symbol: stop
   Definitions
      At line 25 in file lab1.s
   Uses
      At line 26 in file lab1.s
Comment: stop used once
4 symbols



ARM Macro Assembler    Page 1 Alphabetic symbol ordering
Absolute symbols

N 00000005

Symbol: N
   Definitions
      At line 15 in file lab1.s
   Uses
      At line 18 in file lab1.s
Comment: N used once
1 symbol
336 symbols in table
