


ARM Macro Assembler    Page 1 


    1 00000000                 AREA             RESET, DATA, READONLY
    2 00000000 20001000        DCD              0x20001000
    3 00000004 00000000        DCD              Reset_Handler
    4 00000008                 ALIGN
    5 00000008 00000004 
                       SLPT    DCD              4
    6 0000000C 00000002 
              00000004 
              00000006 
              00000008 CHUOI   DCD              2,4,6,8
    7 0000001C                 AREA             KETQUA, DATA, READWRITE
    8 00000000 00000000 
                       KQ      DCD              0
    9 00000004                 AREA             MYCODE, CODE, READONLY
   10 00000000                 EXPORT           Reset_Handler
   11 00000000                 ENTRY
   12 00000000         Reset_Handler
   13 00000000         
   14 00000000 4913            LDR              R1, =CHUOI  ; DIA CHI CUA CHUOI
                                                            
   15 00000002 F85F 6004       LDR              R6, SLPT    ;PT CUA CHUOI
   16 00000006 F04F 0204       MOV              R2, #4      ; BIEN TANG
   17 0000000A F04F 0300       MOV              R3, #0      ; BIEN TRUNG GIAN
   18 0000000E F85F 4004       LDR              R4, CHUOI   ; PHAN TU DAU TIEN 
                                                            CUA CHUOI
   19 00000012 F1A6 0601       SUB              R6, #1
   20 00000016         LOOP10
   21 00000016 2E00            CMP              R6, #0      ;KIEM TRA R0 VOI K 
                                                            DE KET THUC
   22 00000018 D016            BEQ              STOP
   23 0000001A 588D            LDR              R5, [R1,R2] ; GIA TIEP THEO CUA
                                                             CHUOI
   24 0000001C 42AC            CMP              R4, R5      ;KIEM TRA VOI SO DA
                                                            U TIEN
   25 0000001E DB00            BLT              HOANDOI     ;NEU NHO HON THI HO
                                                            AN DOI
   26 00000020 E002            B                TIMUCLN10
   27 00000022         HOANDOI                              ; HOAN DOI R4 VOI R
                                                            5
   28 00000022 4623            MOV              R3, R4
   29 00000024 462C            MOV              R4, R5
   30 00000026 461D            MOV              R5, R3
   31 00000028         ;HOAN DOI XONG TU XUONG TIM UCLN
   32 00000028         TIMUCLN10
   33 00000028 EBA4 0405       SUB              R4, R5
   34 0000002C 42AC            CMP              R4, R5
   35 0000002E D2FB            BHS              TIMUCLN10   ; LON HON HOAC BANG
                                                             THI TIEP TUC TRU
   36 00000030 E7FF            B                HOANDOI2    ;R4 < R5 THI TA HOA
                                                            N DOI TIEP
   37 00000032         HOANDOI2
   38 00000032 4623            MOV              R3, R4
   39 00000034 462C            MOV              R4, R5
   40 00000036 461D            MOV              R5, R3
   41 00000038 2D00            CMP              R5, #0      ; > 0 THI TIEP TUC
   42 0000003A DCF5            BGT              TIMUCLN10
   43 0000003C E7FF            B                TIEP10
   44 0000003E         TIEP10
   45 0000003E F102 0204       ADD              R2, #4      ; TANG OFFSET



ARM Macro Assembler    Page 2 


   46 00000042 F1A6 0601       SUB              R6, #1
   47 00000046 E7E6            B                LOOP10
   48 00000048         STOP
   49 00000048 4F02            LDR              R7,=KQ
   50 0000004A 603C            STR              R4,[R7]
   51 0000004C E7FC            B                STOP
   52 0000004E                 END
              00 00 00000000 
              00000000 
Command Line: --debug --xref --cpu=Cortex-M3 --apcs=interwork --depend=.\lab4.d
 -o.\lab4.o -IE:\Keil\ARM\RV31\INC -IE:\Keil\ARM\CMSIS\Include -IE:\Keil\ARM\In
c\ST\STM32F10x --list=.\lab4.lst lab4.s



ARM Macro Assembler    Page 1 Alphabetic symbol ordering
Relocatable symbols

CHUOI 0000000C

Symbol: CHUOI
   Definitions
      At line 6 in file lab4.s
   Uses
      At line 14 in file lab4.s
      At line 18 in file lab4.s

RESET 00000000

Symbol: RESET
   Definitions
      At line 1 in file lab4.s
   Uses
      None
Comment: RESET unused
SLPT 00000008

Symbol: SLPT
   Definitions
      At line 5 in file lab4.s
   Uses
      At line 15 in file lab4.s
Comment: SLPT used once
3 symbols



ARM Macro Assembler    Page 1 Alphabetic symbol ordering
Relocatable symbols

KETQUA 00000000

Symbol: KETQUA
   Definitions
      At line 7 in file lab4.s
   Uses
      None
Comment: KETQUA unused
KQ 00000000

Symbol: KQ
   Definitions
      At line 8 in file lab4.s
   Uses
      At line 49 in file lab4.s
Comment: KQ used once
2 symbols



ARM Macro Assembler    Page 1 Alphabetic symbol ordering
Relocatable symbols

HOANDOI 00000022

Symbol: HOANDOI
   Definitions
      At line 27 in file lab4.s
   Uses
      At line 25 in file lab4.s
Comment: HOANDOI used once
HOANDOI2 00000032

Symbol: HOANDOI2
   Definitions
      At line 37 in file lab4.s
   Uses
      At line 36 in file lab4.s
Comment: HOANDOI2 used once
LOOP10 00000016

Symbol: LOOP10
   Definitions
      At line 20 in file lab4.s
   Uses
      At line 47 in file lab4.s
Comment: LOOP10 used once
MYCODE 00000000

Symbol: MYCODE
   Definitions
      At line 9 in file lab4.s
   Uses
      None
Comment: MYCODE unused
Reset_Handler 00000000

Symbol: Reset_Handler
   Definitions
      At line 12 in file lab4.s
   Uses
      At line 3 in file lab4.s
      At line 10 in file lab4.s

STOP 00000048

Symbol: STOP
   Definitions
      At line 48 in file lab4.s
   Uses
      At line 22 in file lab4.s
      At line 51 in file lab4.s

TIEP10 0000003E

Symbol: TIEP10
   Definitions
      At line 44 in file lab4.s
   Uses
      At line 43 in file lab4.s
Comment: TIEP10 used once
TIMUCLN10 00000028



ARM Macro Assembler    Page 2 Alphabetic symbol ordering
Relocatable symbols


Symbol: TIMUCLN10
   Definitions
      At line 32 in file lab4.s
   Uses
      At line 26 in file lab4.s
      At line 35 in file lab4.s
      At line 42 in file lab4.s

8 symbols
345 symbols in table
