


ARM Macro Assembler    Page 1 


    1 00000000                 AREA             RESET, DATA, READONLY
    2 00000000 20001000        DCD              0x20001000
    3 00000004 00000000        DCD              Reset_Handler
    4 00000008 00000003 
              00000004 
              00000005 
              00000006 matran  DCD              3,4,5,6
    5 00000018 00000006 
              00000005 
              00000004 
              00000003         DCD              6,5,4,3
    6 00000028 00000003 
              00000004 
              00000005 
              00000006         DCD              3,4,5,6
    7 00000038 00000006 
              00000005 
              00000004 
              00000003         DCD              6,5,4,3
    8 00000048         
    9 00000048                 AREA             RESET, DATA, READWRITE
   10 00000048 00000000 
                       TongChan
                               DCD              0
   11 0000004C 00000000 
                       TongLe  DCD              0
   12 00000050         
   13 00000050                 AREA             MYCODE, CODE, READONLY
   14 00000000                 ENTRY
   15 00000000                 EXPORT           Reset_Handler
   16 00000000         
   17 00000000         Reset_Handler
   18 00000000         ;============================
   19 00000000 00000010 
                       soPhantu
                               EQU              16
   20 00000000 4811            LDR              R0,=matran
   21 00000002 F04F 0110       LDR              R1,=soPhantu
   22 00000006 F04F 0200       MOV              R2,#0
   23 0000000A F04F 0300       MOV              R3,#0
   24 0000000E         
   25 0000000E         loop
   26 0000000E 2900            CMP              R1,#0
   27 00000010 D012            BEQ              thoat
   28 00000012 F1A1 0101       SUB              R1,#1
   29 00000016 F850 4B04       LDR              R4,[R0],#4
   30 0000001A 2C00            CMP              R4,#0
   31 0000001C D0F7            BEQ              loop
   32 0000001E E7FF            B                KiemTra
   33 00000020         
   34 00000020         
   35 00000020         ; KIEM TRA
   36 00000020         KiemTra
   37 00000020 F04F 0502       MOV              R5,#2
   38 00000024         
   39 00000024         add1
   40 00000024 42A5            CMP              R5,R4
   41 00000026 F105 0502       ADD              R5,#2
   42 0000002A DBFB            BLT              add1



ARM Macro Assembler    Page 2 


   43 0000002C DC02            BGT              le
   44 0000002E D0FF            BEQ              Chan
   45 00000030         ; KIEM TRA
   46 00000030         
   47 00000030         Chan
   48 00000030 4422            ADD              R2,R4
   49 00000032 E7EC            B                loop
   50 00000034         le
   51 00000034 4423            ADD              R3,R4
   52 00000036 E7EA            B                loop
   53 00000038         thoat
   54 00000038 4F04            LDR              R7,=TongChan
   55 0000003A 603A            STR              R2,[R7]
   56 0000003C F8DF 8010       LDR              R8,=TongLe
   57 00000040 F8C8 3000       STR              R3,[R8]
   58 00000044 DF11            SWI              &11
                       
              00 00 00000000 
              00000000 
              00000000 
Command Line: --debug --xref --cpu=Cortex-M3 --apcs=interwork --depend=.\lab2.d
 -o.\lab2.o -IE:\Keil\ARM\RV31\INC -IE:\Keil\ARM\CMSIS\Include -IE:\Keil\ARM\In
c\ST\STM32F10x --list=.\lab2.lst lab2.s



ARM Macro Assembler    Page 1 Alphabetic symbol ordering
Relocatable symbols

RESET 00000000

Symbol: RESET
   Definitions
      At line 1 in file lab2.s
   Uses
      None
Comment: RESET unused
TongChan 00000048

Symbol: TongChan
   Definitions
      At line 10 in file lab2.s
   Uses
      At line 54 in file lab2.s
Comment: TongChan used once
TongLe 0000004C

Symbol: TongLe
   Definitions
      At line 11 in file lab2.s
   Uses
      At line 56 in file lab2.s
Comment: TongLe used once
matran 00000008

Symbol: matran
   Definitions
      At line 4 in file lab2.s
   Uses
      At line 20 in file lab2.s
Comment: matran used once
4 symbols



ARM Macro Assembler    Page 1 Alphabetic symbol ordering
Relocatable symbols

Chan 00000030

Symbol: Chan
   Definitions
      At line 47 in file lab2.s
   Uses
      At line 44 in file lab2.s
Comment: Chan used once
KiemTra 00000020

Symbol: KiemTra
   Definitions
      At line 36 in file lab2.s
   Uses
      At line 32 in file lab2.s
Comment: KiemTra used once
MYCODE 00000000

Symbol: MYCODE
   Definitions
      At line 13 in file lab2.s
   Uses
      None
Comment: MYCODE unused
Reset_Handler 00000000

Symbol: Reset_Handler
   Definitions
      At line 17 in file lab2.s
   Uses
      At line 3 in file lab2.s
      At line 15 in file lab2.s

add1 00000024

Symbol: add1
   Definitions
      At line 39 in file lab2.s
   Uses
      At line 42 in file lab2.s
Comment: add1 used once
le 00000034

Symbol: le
   Definitions
      At line 50 in file lab2.s
   Uses
      At line 43 in file lab2.s
Comment: le used once
loop 0000000E

Symbol: loop
   Definitions
      At line 25 in file lab2.s
   Uses
      At line 31 in file lab2.s
      At line 49 in file lab2.s
      At line 52 in file lab2.s




ARM Macro Assembler    Page 2 Alphabetic symbol ordering
Relocatable symbols

thoat 00000038

Symbol: thoat
   Definitions
      At line 53 in file lab2.s
   Uses
      At line 27 in file lab2.s
Comment: thoat used once
8 symbols



ARM Macro Assembler    Page 1 Alphabetic symbol ordering
Absolute symbols

soPhantu 00000010

Symbol: soPhantu
   Definitions
      At line 19 in file lab2.s
   Uses
      At line 21 in file lab2.s
Comment: soPhantu used once
1 symbol
345 symbols in table
