


ARM Macro Assembler    Page 1 


    1 00000000         
    2 00000000         
    3 00000000                 AREA             RESET, DATA,READONLY
    4 00000000 20001000        DCD              0x20001000
    5 00000004 00000000        DCD              start
    6 00000008         
    7 00000008 00000003 
                       N       DCD              3
    8 0000000C         
    9 0000000C                 AREA             mycode,CODE,READONLY
   10 00000000                 ENTRY
   11 00000000         
   12 00000000         
   13 00000000         start
   14 00000000         ;======================
   15 00000000 F04F 0000       MOV              R0,#0       ;TONG CHAN R0 = 0
   16 00000004 F04F 0100       MOV              R1,#0       ; TONG LE R1 =0
   17 00000008 F85F 2004       LDR              R2, N       ; R2 = 3
   18 0000000C B407            PUSH{R0,R1,R2}
   19 0000000E F7FF FFFE       BL               chanle
   20 00000012 E7FE    stop    B                stop
   21 00000014         chanle  PROC
   22 00000014 F04F 0301       MOV              R3,#1       ; R3 = 1
   23 00000018 F04F 0402       MOV              R4,#2       ; R4 = 2
   24 0000001C BC07            POP{R0,R1,R2}
   25 0000001E         loopsole
   26 0000001E 4293            CMP              R3,R2       ;so sanh R3 voi R2
   27 00000020 DC03            BGT              ketthuctongle 
                                                            ; Ket thuc tong le
   28 00000022 4419            ADD              R1,R3       ; R1 = R1 +R3
   29 00000024 F103 0302       ADD              R3,#2       ; R3 = R3 + 2
   30 00000028 E7F9            B                loopsole
   31 0000002A         ketthuctongle
   32 0000002A         loopsochan
   33 0000002A 4294            CMP              R4,R2       ;so sanh R4 voi R2
   34 0000002C DC03            BGT              ketthuctongchan 
                                                            ; Ket thuc tong le
   35 0000002E 4420            ADD              R0,R4       ; R1 = R1 +R4
   36 00000030 F104 0402       ADD              R4,#2       ; R4 = R4 + 2
   37 00000034 E7F9            B                loopsochan
   38 00000036         ketthuctongchan
   39 00000036 4770            BX               LR
   40 00000038                 ENDP
   41 00000038         
   42 00000038         ;======================
   43 00000038                 END
Command Line: --debug --xref --cpu=Cortex-M3 --apcs=interwork --depend=.\lab3.d
 -o.\lab3.o -IE:\Keil\ARM\RV31\INC -IE:\Keil\ARM\CMSIS\Include -IE:\Keil\ARM\In
c\ST\STM32F10x --list=.\lab3.lst lab3.s



ARM Macro Assembler    Page 1 Alphabetic symbol ordering
Relocatable symbols

N 00000008

Symbol: N
   Definitions
      At line 7 in file lab3.s
   Uses
      At line 17 in file lab3.s
Comment: N used once
RESET 00000000

Symbol: RESET
   Definitions
      At line 3 in file lab3.s
   Uses
      None
Comment: RESET unused
2 symbols



ARM Macro Assembler    Page 1 Alphabetic symbol ordering
Relocatable symbols

chanle 00000014

Symbol: chanle
   Definitions
      At line 21 in file lab3.s
   Uses
      At line 19 in file lab3.s
Comment: chanle used once
ketthuctongchan 00000036

Symbol: ketthuctongchan
   Definitions
      At line 38 in file lab3.s
   Uses
      At line 34 in file lab3.s
Comment: ketthuctongchan used once
ketthuctongle 0000002A

Symbol: ketthuctongle
   Definitions
      At line 31 in file lab3.s
   Uses
      At line 27 in file lab3.s
Comment: ketthuctongle used once
loopsochan 0000002A

Symbol: loopsochan
   Definitions
      At line 32 in file lab3.s
   Uses
      At line 37 in file lab3.s
Comment: loopsochan used once
loopsole 0000001E

Symbol: loopsole
   Definitions
      At line 25 in file lab3.s
   Uses
      At line 30 in file lab3.s
Comment: loopsole used once
mycode 00000000

Symbol: mycode
   Definitions
      At line 9 in file lab3.s
   Uses
      None
Comment: mycode unused
start 00000000

Symbol: start
   Definitions
      At line 13 in file lab3.s
   Uses
      At line 5 in file lab3.s
Comment: start used once
stop 00000012

Symbol: stop



ARM Macro Assembler    Page 2 Alphabetic symbol ordering
Relocatable symbols

   Definitions
      At line 20 in file lab3.s
   Uses
      At line 20 in file lab3.s
Comment: stop used once
8 symbols
340 symbols in table
