


ARM Macro Assembler    Page 1 


    1 00000000         ;Vi?t chuong trình tìm giá tr? l?n nh?t và nh? nh?t tron
                       g chu?i s?.
    2 00000000         ; Khai bao vung du lieu
    3 00000000                 AREA             RESET , DATA ,READONLY
    4 00000000 20001000        DCD              0x20001000  ; do dai du lieu la
                                                             bao nhieu
    5 00000004 00000000        DCD              start       ; 
    6 00000008                 ALIGN
    7 00000008         ; khai bao vung nho 
    8 00000008         
    9 00000008 00000003 
              00000002 
              00000001 
              00000004 
              00000005 chuoi   DCD              3,2,1,4,5
   10 0000001C         
   11 0000001C         ;khai bao vung ma lenh 
   12 0000001C                 AREA             KQ, DATA ,READWRITE
   13 00000000 00000000 
                       max     DCD              0
   14 00000004 00000000 
                       min     DCD              0
   15 00000008                 AREA             mycode, CODE ,READONLY
   16 00000000                 EXPORT           start
   17 00000000                 ENTRY
   18 00000000         start
   19 00000000         ;=========================================
   20 00000000 00000005 
                       pt      EQU              5
   21 00000000 4A10            LDR              R2,=chuoi   ;LAY DIA CHI DAU TI
                                                            EN CUA CHUOI
   22 00000002 F04F 0305       LDR              R3,=pt      ;R3 = 5
   23 00000006 F04F 0400       MOV              R4,#0       ; BIEN NHAY
   24 0000000A 5915            LDR              R5,[R2,R4]  ;0x00000000 + 0 => 
                                                            R5 = 3
   25 0000000C 4628            MOV              R0,R5       ;max
   26 0000000E 4629            MOV              R1,R5       ;min
   27 00000010 B43F            PUSH{R0,R1,R2,R3,R4,R5}
   28 00000012 F7FF FFFE       BL               TIM
   29 00000016         TIM     PROC
   30 00000016 BC3F            POP{R0,R1,R2,R3,R4,R5}
   31 00000018         loop
   32 00000018 2B00            CMP              R3,#0
   33 0000001A D00E            BEQ              thoat
   34 0000001C 5915            LDR              R5,[R2,R4]  ;dung de tinh cac g
                                                            ia tri lien tiep tr
                                                            ong chuooi
   35 0000001E 4285            CMP              R5,R0       ;kiem tra xem R5 Co
                                                             lon hon R0 HAY K 
   36 00000020 DC02            BGT              PMAX
   37 00000022 428D            CMP              R5,R1
   38 00000024 DB02            BLT              PMIN        ;kiem tra xem R5 Co
                                                             NHO hon R1 HAY K 
   39 00000026 E003            B                tieptuc
   40 00000028         
   41 00000028         PMAX
   42 00000028 4628            MOV              R0,R5       ; gan R5 cho R0
   43 0000002A E001            B                tieptuc
   44 0000002C         PMIN



ARM Macro Assembler    Page 2 


   45 0000002C 4629            MOV              R1,R5       ; gan R5 cho R1
   46 0000002E E7FF            B                tieptuc
   47 00000030         
   48 00000030         tieptuc
   49 00000030 F104 0404       ADD              R4,#4       ;Tang len 4 lan de 
                                                            nhay sang phan tu t
                                                            iep theo
   50 00000034 F1A3 0301       SUB              R3,#1       ; khi nhay se sang 
                                                            phan tu tiep theo c
                                                            huoi so se giam di 
                                                            1
   51 00000038 E7EE            B                loop
   52 0000003A         
   53 0000003A         
   54 0000003A         thoat
   55 0000003A 4E03            LDR              R6,=max     ;gan dia chi max va
                                                            o R6
   56 0000003C 6030            STR              R0,[R6]     ; LUU gia tri R0 va
                                                            o dia chi R6 
   57 0000003E 4F03            LDR              R7,=min
   58 00000040 6039            STR              R1,[R7]
   59 00000042 DF11            SWI              &11
   60 00000044         
   61 00000044         
   62 00000044                 END
              00000000 
              00000000 
              00000000 
Command Line: --debug --xref --cpu=Cortex-M3 --apcs=interwork --depend=.\lab4.d
 -o.\lab4.o -IE:\Keil\ARM\RV31\INC -IE:\Keil\ARM\CMSIS\Include -IE:\Keil\ARM\In
c\ST\STM32F10x --list=.\lab4.lst lab4.s



ARM Macro Assembler    Page 1 Alphabetic symbol ordering
Relocatable symbols

RESET 00000000

Symbol: RESET
   Definitions
      At line 3 in file lab4.s
   Uses
      None
Comment: RESET unused
chuoi 00000008

Symbol: chuoi
   Definitions
      At line 9 in file lab4.s
   Uses
      At line 21 in file lab4.s
Comment: chuoi used once
2 symbols



ARM Macro Assembler    Page 1 Alphabetic symbol ordering
Relocatable symbols

KQ 00000000

Symbol: KQ
   Definitions
      At line 12 in file lab4.s
   Uses
      None
Comment: KQ unused
max 00000000

Symbol: max
   Definitions
      At line 13 in file lab4.s
   Uses
      At line 55 in file lab4.s
Comment: max used once
min 00000004

Symbol: min
   Definitions
      At line 14 in file lab4.s
   Uses
      At line 57 in file lab4.s
Comment: min used once
3 symbols



ARM Macro Assembler    Page 1 Alphabetic symbol ordering
Relocatable symbols

PMAX 00000028

Symbol: PMAX
   Definitions
      At line 41 in file lab4.s
   Uses
      At line 36 in file lab4.s
Comment: PMAX used once
PMIN 0000002C

Symbol: PMIN
   Definitions
      At line 44 in file lab4.s
   Uses
      At line 38 in file lab4.s
Comment: PMIN used once
TIM 00000016

Symbol: TIM
   Definitions
      At line 29 in file lab4.s
   Uses
      At line 28 in file lab4.s
Comment: TIM used once
loop 00000018

Symbol: loop
   Definitions
      At line 31 in file lab4.s
   Uses
      At line 51 in file lab4.s
Comment: loop used once
mycode 00000000

Symbol: mycode
   Definitions
      At line 15 in file lab4.s
   Uses
      None
Comment: mycode unused
start 00000000

Symbol: start
   Definitions
      At line 18 in file lab4.s
   Uses
      At line 5 in file lab4.s
      At line 16 in file lab4.s

thoat 0000003A

Symbol: thoat
   Definitions
      At line 54 in file lab4.s
   Uses
      At line 33 in file lab4.s
Comment: thoat used once
tieptuc 00000030




ARM Macro Assembler    Page 2 Alphabetic symbol ordering
Relocatable symbols

Symbol: tieptuc
   Definitions
      At line 48 in file lab4.s
   Uses
      At line 39 in file lab4.s
      At line 43 in file lab4.s
      At line 46 in file lab4.s

8 symbols



ARM Macro Assembler    Page 1 Alphabetic symbol ordering
Absolute symbols

pt 00000005

Symbol: pt
   Definitions
      At line 20 in file lab4.s
   Uses
      At line 22 in file lab4.s
Comment: pt used once
1 symbol
346 symbols in table
