


ARM Macro Assembler    Page 1 


    1 00000000         
    2 00000000                 AREA             RESET, DATA,READONLY
    3 00000000 20001000        DCD              0X20001000
    4 00000004 00000000        DCD              start
    5 00000008 00000014 
                       X       DCD              20
    6 0000000C 0000000C 
                       Y       DCD              12
    7 00000010                 AREA             MYCODE, CODE,READONLY
    8 00000000                 ENTRY
    9 00000000         
   10 00000000         start
   11 00000000         ;==============
   12 00000000 F04F 0000       MOV              R0,#0
   13 00000004 F85F 1004       LDR              R1,X
   14 00000008 F85F 2004       LDR              R2,Y
   15 0000000C B407            PUSH{R0,R1,R2}
   16 0000000E         
   17 0000000E 2900            CMP              R1,#0
   18 00000010 DD0C            BLE              thoat
   19 00000012 2A00            CMP              R2,#0
   20 00000014 DD0A            BLE              thoat
   21 00000016 F7FF FFFE       BL               CT1
   22 0000001A F85F 1004       LDR              R1,X
   23 0000001E F85F 2004       LDR              R2,Y
   24 00000022 FB01 F002       MUL              R0,R1,R2
   25 00000026 FBB0 F4F3       UDIV             R4,R0,R3
   26 0000002A DF11            SWI              &11
   27 0000002C         thoat
   28 0000002C F04F 0300       MOV              R3,#0
   29 00000030 F04F 0400       MOV              R4,#0
   30 00000034 DF11            SWI              &11
   31 00000036         CT1     PROC
   32 00000036 BC07            POP{R0,R1,R2}
   33 00000038         looptru
   34 00000038 4291            CMP              R1,R2       ;kiem tra
   35 0000003A DB04            BLT              hoandoi
   36 0000003C         
   37 0000003C         tieptuc
   38 0000003C EBA1 0102       SUB              R1,R2
   39 00000040 2900            CMP              R1,#0
   40 00000042 D004            BEQ              ketqua
   41 00000044 E7F8            B                looptru
   42 00000046         
   43 00000046         hoandoi
   44 00000046 4614            MOV              R4,R2
   45 00000048 460A            MOV              R2,R1
   46 0000004A 4621            MOV              R1,R4
   47 0000004C E7F6            B                tieptuc
   48 0000004E         ketqua
   49 0000004E 4613            MOV              R3,R2
   50 00000050         ;ket thuc ucln
   51 00000050 4770            BX               LR
   52 00000052                 ENDP
   53 00000052                 END
Command Line: --debug --xref --cpu=Cortex-M3 --apcs=interwork --depend=.\lab3.d
 -o.\lab3.o -IE:\Keil\ARM\RV31\INC -IE:\Keil\ARM\CMSIS\Include -IE:\Keil\ARM\In
c\ST\STM32F10x --list=.\lab3.lst lab3.s



ARM Macro Assembler    Page 1 Alphabetic symbol ordering
Relocatable symbols

RESET 00000000

Symbol: RESET
   Definitions
      At line 2 in file lab3.s
   Uses
      None
Comment: RESET unused
X 00000008

Symbol: X
   Definitions
      At line 5 in file lab3.s
   Uses
      At line 13 in file lab3.s
      At line 22 in file lab3.s

Y 0000000C

Symbol: Y
   Definitions
      At line 6 in file lab3.s
   Uses
      At line 14 in file lab3.s
      At line 23 in file lab3.s

3 symbols



ARM Macro Assembler    Page 1 Alphabetic symbol ordering
Relocatable symbols

CT1 00000036

Symbol: CT1
   Definitions
      At line 31 in file lab3.s
   Uses
      At line 21 in file lab3.s
Comment: CT1 used once
MYCODE 00000000

Symbol: MYCODE
   Definitions
      At line 7 in file lab3.s
   Uses
      None
Comment: MYCODE unused
hoandoi 00000046

Symbol: hoandoi
   Definitions
      At line 43 in file lab3.s
   Uses
      At line 35 in file lab3.s
Comment: hoandoi used once
ketqua 0000004E

Symbol: ketqua
   Definitions
      At line 48 in file lab3.s
   Uses
      At line 40 in file lab3.s
Comment: ketqua used once
looptru 00000038

Symbol: looptru
   Definitions
      At line 33 in file lab3.s
   Uses
      At line 41 in file lab3.s
Comment: looptru used once
start 00000000

Symbol: start
   Definitions
      At line 10 in file lab3.s
   Uses
      At line 4 in file lab3.s
Comment: start used once
thoat 0000002C

Symbol: thoat
   Definitions
      At line 27 in file lab3.s
   Uses
      At line 18 in file lab3.s
      At line 20 in file lab3.s

tieptuc 0000003C




ARM Macro Assembler    Page 2 Alphabetic symbol ordering
Relocatable symbols

Symbol: tieptuc
   Definitions
      At line 37 in file lab3.s
   Uses
      At line 47 in file lab3.s
Comment: tieptuc used once
8 symbols
341 symbols in table
