


ARM Macro Assembler    Page 1 


    1 00000000                 AREA             RESET, DATA,READONLY
    2 00000000 20001000        DCD              0x20001000
    3 00000004 00000000        DCD              start
    4 00000008         
    5 00000008 00000003 
                       N       DCD              3
    6 0000000C         
    7 0000000C                 AREA             mycode,CODE,READONLY
    8 00000000                 ENTRY
    9 00000000         
   10 00000000         
   11 00000000         start
   12 00000000         ;======================
   13 00000000 F04F 0000       MOV              R0,#0       ;TONG CHAN R0 = 0
   14 00000004 F04F 0100       MOV              R1,#0       ; TONG LE R1 =0
   15 00000008 F85F 2004       LDR              R2, N       ; R2 = 3
   16 0000000C F04F 0301       MOV              R3,#1       ; R3 = 1
   17 00000010 F04F 0402       MOV              R4,#2       ; R4 = 2
   18 00000014 F7FF FFFE       BL               chanle
   19 00000018 E7FE    stop    B                stop
   20 0000001A         chanle  PROC
   21 0000001A         loopsole
   22 0000001A 4293            CMP              R3,R2       ;so sanh R3 voi R2
   23 0000001C DC03            BGT              ketthuctongle 
                                                            ; Ket thuc tong le
   24 0000001E 4419            ADD              R1,R3       ; R1 = R1 +R3
   25 00000020 F103 0302       ADD              R3,#2       ; R3 = R3 + 2
   26 00000024 E7F9            B                loopsole
   27 00000026         ketthuctongle
   28 00000026         loopsochan
   29 00000026 4294            CMP              R4,R2       ;so sanh R4 voi R2
   30 00000028 DC03            BGT              ketthuctongchan 
                                                            ; Ket thuc tong le
   31 0000002A 4420            ADD              R0,R4       ; R1 = R1 +R4
   32 0000002C F104 0402       ADD              R4,#2       ; R4 = R4 + 2
   33 00000030 E7F9            B                loopsochan
   34 00000032         ketthuctongchan
   35 00000032 4770            BX               LR
   36 00000034                 ENDP
   37 00000034         
   38 00000034         ;======================
   39 00000034                 END
Command Line: --debug --xref --cpu=Cortex-M3 --apcs=interwork --depend=.\lab3.d
 -o.\lab3.o -IE:\Keil\ARM\RV31\INC -IE:\Keil\ARM\CMSIS\Include -IE:\Keil\ARM\In
c\ST\STM32F10x --list=.\lab3.lst lab3.s



ARM Macro Assembler    Page 1 Alphabetic symbol ordering
Relocatable symbols

N 00000008

Symbol: N
   Definitions
      At line 5 in file lab3.s
   Uses
      At line 15 in file lab3.s
Comment: N used once
RESET 00000000

Symbol: RESET
   Definitions
      At line 1 in file lab3.s
   Uses
      None
Comment: RESET unused
2 symbols



ARM Macro Assembler    Page 1 Alphabetic symbol ordering
Relocatable symbols

chanle 0000001A

Symbol: chanle
   Definitions
      At line 20 in file lab3.s
   Uses
      At line 18 in file lab3.s
Comment: chanle used once
ketthuctongchan 00000032

Symbol: ketthuctongchan
   Definitions
      At line 34 in file lab3.s
   Uses
      At line 30 in file lab3.s
Comment: ketthuctongchan used once
ketthuctongle 00000026

Symbol: ketthuctongle
   Definitions
      At line 27 in file lab3.s
   Uses
      At line 23 in file lab3.s
Comment: ketthuctongle used once
loopsochan 00000026

Symbol: loopsochan
   Definitions
      At line 28 in file lab3.s
   Uses
      At line 33 in file lab3.s
Comment: loopsochan used once
loopsole 0000001A

Symbol: loopsole
   Definitions
      At line 21 in file lab3.s
   Uses
      At line 26 in file lab3.s
Comment: loopsole used once
mycode 00000000

Symbol: mycode
   Definitions
      At line 7 in file lab3.s
   Uses
      None
Comment: mycode unused
start 00000000

Symbol: start
   Definitions
      At line 11 in file lab3.s
   Uses
      At line 3 in file lab3.s
Comment: start used once
stop 00000018

Symbol: stop



ARM Macro Assembler    Page 2 Alphabetic symbol ordering
Relocatable symbols

   Definitions
      At line 19 in file lab3.s
   Uses
      At line 19 in file lab3.s
Comment: stop used once
8 symbols
340 symbols in table
